<?xml version="1.0" encoding="UTF-8"?>
<!-- Generated by org.testng.reporters.JUnitReportReporter -->
<testsuite hostname="HP" failures="0" tests="1000" name="testNGAnnotation_Flags.Flag3" time="2.752" errors="0" timestamp="2023-07-22T22:41:36 IST" skipped="0">
  <testcase classname="testNGAnnotation_Flags.Flag3" name="method1" time="0.001">
    <system-out>
      <![CDATA[This is method1 ]]>
    </system-out>
  </testcase> <!-- method1 -->
  <testcase classname="testNGAnnotation_Flags.Flag3" name="method1" time="0.002">
    <system-out>
      <![CDATA[This is method1 ]]>
    </system-out>
  </testcase> <!-- method1 -->
  <testcase classname="testNGAnnotation_Flags.Flag3" name="method1" time="0.009">
    <system-out>
      <![CDATA[This is method1 ]]>
    </system-out>
  </testcase> <!-- method1 -->
  <testcase classname="testNGAnnotation_Flags.Flag3" name="method1" time="0.000">
    <system-out>
      <![CDATA[This is method1 ]]>
    </system-out>
  </testcase> <!-- method1 -->
  <testcase classname="testNGAnnotation_Flags.Flag3" name="method1" time="0.001">
    <system-out>
      <![CDATA[This is method1 ]]>
    </system-out>
  </testcase> <!-- method1 -->
  <testcase classname="testNGAnnotation_Flags.Flag3" name="method1" time="0.002">
    <system-out>
      <![CDATA[This is method1 ]]>
    </system-out>
  </testcase> <!-- method1 -->
  <testcase classname="testNGAnnotation_Flags.Flag3" name="method1" time="0.001">
    <system-out>
      <![CDATA[This is method1 ]]>
    </system-out>
  </testcase> <!-- method1 -->
  <testcase classname="testNGAnnotation_Flags.Flag3" name="method1" time="0.001">
    <system-out>
      <![CDATA[This is method1 ]]>
    </system-out>
  </testcase> <!-- method1 -->
  <testcase classname="testNGAnnotation_Flags.Flag3" name="method1" time="0.002">
    <system-out>
      <![CDATA[This is method1 ]]>
    </system-out>
  </testcase> <!-- method1 -->
  <testcase classname="testNGAnnotation_Flags.Flag3" name="method1" time="0.002">
    <system-out>
      <![CDATA[This is method1 ]]>
    </system-out>
  </testcase> <!-- method1 -->
  <testcase classname="testNGAnnotation_Flags.Flag3" name="method1" time="0.002">
    <system-out>
      <![CDATA[This is method1 ]]>
    </system-out>
  </testcase> <!-- method1 -->
  <testcase classname="testNGAnnotation_Flags.Flag3" name="method1" time="0.001">
    <system-out>
      <![CDATA[This is method1 ]]>
    </system-out>
  </testcase> <!-- method1 -->
  <testcase classname="testNGAnnotation_Flags.Flag3" name="method1" time="0.007">
    <system-out>
      <![CDATA[This is method1 ]]>
    </system-out>
  </testcase> <!-- method1 -->
  <testcase classname="testNGAnnotation_Flags.Flag3" name="method1" time="0.003">
    <system-out>
      <![CDATA[This is method1 ]]>
    </system-out>
  </testcase> <!-- method1 -->
  <testcase classname="testNGAnnotation_Flags.Flag3" name="method1" time="0.000">
    <system-out>
      <![CDATA[This is method1 ]]>
    </system-out>
  </testcase> <!-- method1 -->
  <testcase classname="testNGAnnotation_Flags.Flag3" name="method1" time="0.003">
    <system-out>
      <![CDATA[This is method1 ]]>
    </system-out>
  </testcase> <!-- method1 -->
  <testcase classname="testNGAnnotation_Flags.Flag3" name="method1" time="0.001">
    <system-out>
      <![CDATA[This is method1 ]]>
    </system-out>
  </testcase> <!-- method1 -->
  <testcase classname="testNGAnnotation_Flags.Flag3" name="method1" time="0.000">
    <system-out>
      <![CDATA[This is method1 ]]>
    </system-out>
  </testcase> <!-- method1 -->
  <testcase classname="testNGAnnotation_Flags.Flag3" name="method1" time="0.000">
    <system-out>
      <![CDATA[This is method1 ]]>
    </system-out>
  </testcase> <!-- method1 -->
  <testcase classname="testNGAnnotation_Flags.Flag3" name="method1" time="0.001">
    <system-out>
      <![CDATA[This is method1 ]]>
    </system-out>
  </testcase> <!-- method1 -->
  <testcase classname="testNGAnnotation_Flags.Flag3" name="method1" time="0.001">
    <system-out>
      <![CDATA[This is method1 ]]>
    </system-out>
  </testcase> <!-- method1 -->
  <testcase classname="testNGAnnotation_Flags.Flag3" name="method1" time="0.001">
    <system-out>
      <![CDATA[This is method1 ]]>
    </system-out>
  </testcase> <!-- method1 -->
  <testcase classname="testNGAnnotation_Flags.Flag3" name="method1" time="0.001">
    <system-out>
      <![CDATA[This is method1 ]]>
    </system-out>
  </testcase> <!-- method1 -->
  <testcase classname="testNGAnnotation_Flags.Flag3" name="method1" time="0.000">
    <system-out>
      <![CDATA[This is method1 ]]>
    </system-out>
  </testcase> <!-- method1 -->
  <testcase classname="testNGAnnotation_Flags.Flag3" name="method1" time="0.002">
    <system-out>
      <![CDATA[This is method1 ]]>
    </system-out>
  </testcase> <!-- method1 -->
  <testcase classname="testNGAnnotation_Flags.Flag3" name="method1" time="0.000">
    <system-out>
      <![CDATA[This is method1 ]]>
    </system-out>
  </testcase> <!-- method1 -->
  <testcase classname="testNGAnnotation_Flags.Flag3" name="method1" time="0.001">
    <system-out>
      <![CDATA[This is method1 ]]>
    </system-out>
  </testcase> <!-- method1 -->
  <testcase classname="testNGAnnotation_Flags.Flag3" name="method1" time="0.001">
    <system-out>
      <![CDATA[This is method1 ]]>
    </system-out>
  </testcase> <!-- method1 -->
  <testcase classname="testNGAnnotation_Flags.Flag3" name="method1" time="0.002">
    <system-out>
      <![CDATA[This is method1 ]]>
    </system-out>
  </testcase> <!-- method1 -->
  <testcase classname="testNGAnnotation_Flags.Flag3" name="method1" time="0.001">
    <system-out>
      <![CDATA[This is method1 ]]>
    </system-out>
  </testcase> <!-- method1 -->
  <testcase classname="testNGAnnotation_Flags.Flag3" name="method1" time="0.001">
    <system-out>
      <![CDATA[This is method1 ]]>
    </system-out>
  </testcase> <!-- method1 -->
  <testcase classname="testNGAnnotation_Flags.Flag3" name="method1" time="0.002">
    <system-out>
      <![CDATA[This is method1 ]]>
    </system-out>
  </testcase> <!-- method1 -->
  <testcase classname="testNGAnnotation_Flags.Flag3" name="method1" time="0.001">
    <system-out>
      <![CDATA[This is method1 ]]>
    </system-out>
  </testcase> <!-- method1 -->
  <testcase classname="testNGAnnotation_Flags.Flag3" name="method1" time="0.011">
    <system-out>
      <![CDATA[This is method1 ]]>
    </system-out>
  </testcase> <!-- method1 -->
  <testcase classname="testNGAnnotation_Flags.Flag3" name="method1" time="0.002">
    <system-out>
      <![CDATA[This is method1 ]]>
    </system-out>
  </testcase> <!-- method1 -->
  <testcase classname="testNGAnnotation_Flags.Flag3" name="method1" time="0.001">
    <system-out>
      <![CDATA[This is method1 ]]>
    </system-out>
  </testcase> <!-- method1 -->
  <testcase classname="testNGAnnotation_Flags.Flag3" name="method1" time="0.001">
    <system-out>
      <![CDATA[This is method1 ]]>
    </system-out>
  </testcase> <!-- method1 -->
  <testcase classname="testNGAnnotation_Flags.Flag3" name="method1" time="0.000">
    <system-out>
      <![CDATA[This is method1 ]]>
    </system-out>
  </testcase> <!-- method1 -->
  <testcase classname="testNGAnnotation_Flags.Flag3" name="method1" time="0.001">
    <system-out>
      <![CDATA[This is method1 ]]>
    </system-out>
  </testcase> <!-- method1 -->
  <testcase classname="testNGAnnotation_Flags.Flag3" name="method1" time="0.001">
    <system-out>
      <![CDATA[This is method1 ]]>
    </system-out>
  </testcase> <!-- method1 -->
  <testcase classname="testNGAnnotation_Flags.Flag3" name="method1" time="0.001">
    <system-out>
      <![CDATA[This is method1 ]]>
    </system-out>
  </testcase> <!-- method1 -->
  <testcase classname="testNGAnnotation_Flags.Flag3" name="method1" time="0.001">
    <system-out>
      <![CDATA[This is method1 ]]>
    </system-out>
  </testcase> <!-- method1 -->
  <testcase classname="testNGAnnotation_Flags.Flag3" name="method1" time="0.001">
    <system-out>
      <![CDATA[This is method1 ]]>
    </system-out>
  </testcase> <!-- method1 -->
  <testcase classname="testNGAnnotation_Flags.Flag3" name="method1" time="0.003">
    <system-out>
      <![CDATA[This is method1 ]]>
    </system-out>
  </testcase> <!-- method1 -->
  <testcase classname="testNGAnnotation_Flags.Flag3" name="method1" time="0.000">
    <system-out>
      <![CDATA[This is method1 ]]>
    </system-out>
  </testcase> <!-- method1 -->
  <testcase classname="testNGAnnotation_Flags.Flag3" name="method1" time="0.000">
    <system-out>
      <![CDATA[This is method1 ]]>
    </system-out>
  </testcase> <!-- method1 -->
  <testcase classname="testNGAnnotation_Flags.Flag3" name="method1" time="0.000">
    <system-out>
      <![CDATA[This is method1 ]]>
    </system-out>
  </testcase> <!-- method1 -->
  <testcase classname="testNGAnnotation_Flags.Flag3" name="method1" time="0.001">
    <system-out>
      <![CDATA[This is method1 ]]>
    </system-out>
  </testcase> <!-- method1 -->
  <testcase classname="testNGAnnotation_Flags.Flag3" name="method1" time="0.001">
    <system-out>
      <![CDATA[This is method1 ]]>
    </system-out>
  </testcase> <!-- method1 -->
  <testcase classname="testNGAnnotation_Flags.Flag3" name="method1" time="0.001">
    <system-out>
      <![CDATA[This is method1 ]]>
    </system-out>
  </testcase> <!-- method1 -->
  <testcase classname="testNGAnnotation_Flags.Flag3" name="method1" time="0.003">
    <system-out>
      <![CDATA[This is method1 ]]>
    </system-out>
  </testcase> <!-- method1 -->
  <testcase classname="testNGAnnotation_Flags.Flag3" name="method1" time="0.001">
    <system-out>
      <![CDATA[This is method1 ]]>
    </system-out>
  </testcase> <!-- method1 -->
  <testcase classname="testNGAnnotation_Flags.Flag3" name="method1" time="0.006">
    <system-out>
      <![CDATA[This is method1 ]]>
    </system-out>
  </testcase> <!-- method1 -->
  <testcase classname="testNGAnnotation_Flags.Flag3" name="method1" time="0.000">
    <system-out>
      <![CDATA[This is method1 ]]>
    </system-out>
  </testcase> <!-- method1 -->
  <testcase classname="testNGAnnotation_Flags.Flag3" name="method1" time="0.000">
    <system-out>
      <![CDATA[This is method1 ]]>
    </system-out>
  </testcase> <!-- method1 -->
  <testcase classname="testNGAnnotation_Flags.Flag3" name="method1" time="0.001">
    <system-out>
      <![CDATA[This is method1 ]]>
    </system-out>
  </testcase> <!-- method1 -->
  <testcase classname="testNGAnnotation_Flags.Flag3" name="method1" time="0.000">
    <system-out>
      <![CDATA[This is method1 ]]>
    </system-out>
  </testcase> <!-- method1 -->
  <testcase classname="testNGAnnotation_Flags.Flag3" name="method1" time="0.003">
    <system-out>
      <![CDATA[This is method1 ]]>
    </system-out>
  </testcase> <!-- method1 -->
  <testcase classname="testNGAnnotation_Flags.Flag3" name="method1" time="0.000">
    <system-out>
      <![CDATA[This is method1 ]]>
    </system-out>
  </testcase> <!-- method1 -->
  <testcase classname="testNGAnnotation_Flags.Flag3" name="method1" time="0.001">
    <system-out>
      <![CDATA[This is method1 ]]>
    </system-out>
  </testcase> <!-- method1 -->
  <testcase classname="testNGAnnotation_Flags.Flag3" name="method1" time="0.000">
    <system-out>
      <![CDATA[This is method1 ]]>
    </system-out>
  </testcase> <!-- method1 -->
  <testcase classname="testNGAnnotation_Flags.Flag3" name="method1" time="0.001">
    <system-out>
      <![CDATA[This is method1 ]]>
    </system-out>
  </testcase> <!-- method1 -->
  <testcase classname="testNGAnnotation_Flags.Flag3" name="method1" time="0.001">
    <system-out>
      <![CDATA[This is method1 ]]>
    </system-out>
  </testcase> <!-- method1 -->
  <testcase classname="testNGAnnotation_Flags.Flag3" name="method1" time="0.001">
    <system-out>
      <![CDATA[This is method1 ]]>
    </system-out>
  </testcase> <!-- method1 -->
  <testcase classname="testNGAnnotation_Flags.Flag3" name="method1" time="0.006">
    <system-out>
      <![CDATA[This is method1 ]]>
    </system-out>
  </testcase> <!-- method1 -->
  <testcase classname="testNGAnnotation_Flags.Flag3" name="method1" time="0.002">
    <system-out>
      <![CDATA[This is method1 ]]>
    </system-out>
  </testcase> <!-- method1 -->
  <testcase classname="testNGAnnotation_Flags.Flag3" name="method1" time="0.000">
    <system-out>
      <![CDATA[This is method1 ]]>
    </system-out>
  </testcase> <!-- method1 -->
  <testcase classname="testNGAnnotation_Flags.Flag3" name="method1" time="0.000">
    <system-out>
      <![CDATA[This is method1 ]]>
    </system-out>
  </testcase> <!-- method1 -->
  <testcase classname="testNGAnnotation_Flags.Flag3" name="method1" time="0.001">
    <system-out>
      <![CDATA[This is method1 ]]>
    </system-out>
  </testcase> <!-- method1 -->
  <testcase classname="testNGAnnotation_Flags.Flag3" name="method1" time="0.001">
    <system-out>
      <![CDATA[This is method1 ]]>
    </system-out>
  </testcase> <!-- method1 -->
  <testcase classname="testNGAnnotation_Flags.Flag3" name="method1" time="0.000">
    <system-out>
      <![CDATA[This is method1 ]]>
    </system-out>
  </testcase> <!-- method1 -->
  <testcase classname="testNGAnnotation_Flags.Flag3" name="method1" time="0.002">
    <system-out>
      <![CDATA[This is method1 ]]>
    </system-out>
  </testcase> <!-- method1 -->
  <testcase classname="testNGAnnotation_Flags.Flag3" name="method1" time="0.000">
    <system-out>
      <![CDATA[This is method1 ]]>
    </system-out>
  </testcase> <!-- method1 -->
  <testcase classname="testNGAnnotation_Flags.Flag3" name="method1" time="0.002">
    <system-out>
      <![CDATA[This is method1 ]]>
    </system-out>
  </testcase> <!-- method1 -->
  <testcase classname="testNGAnnotation_Flags.Flag3" name="method1" time="0.001">
    <system-out>
      <![CDATA[This is method1 ]]>
    </system-out>
  </testcase> <!-- method1 -->
  <testcase classname="testNGAnnotation_Flags.Flag3" name="method1" time="0.000">
    <system-out>
      <![CDATA[This is method1 ]]>
    </system-out>
  </testcase> <!-- method1 -->
  <testcase classname="testNGAnnotation_Flags.Flag3" name="method1" time="0.003">
    <system-out>
      <![CDATA[This is method1 ]]>
    </system-out>
  </testcase> <!-- method1 -->
  <testcase classname="testNGAnnotation_Flags.Flag3" name="method1" time="0.005">
    <system-out>
      <![CDATA[This is method1 ]]>
    </system-out>
  </testcase> <!-- method1 -->
  <testcase classname="testNGAnnotation_Flags.Flag3" name="method1" time="0.001">
    <system-out>
      <![CDATA[This is method1 ]]>
    </system-out>
  </testcase> <!-- method1 -->
  <testcase classname="testNGAnnotation_Flags.Flag3" name="method1" time="0.003">
    <system-out>
      <![CDATA[This is method1 ]]>
    </system-out>
  </testcase> <!-- method1 -->
  <testcase classname="testNGAnnotation_Flags.Flag3" name="method1" time="0.012">
    <system-out>
      <![CDATA[This is method1 ]]>
    </system-out>
  </testcase> <!-- method1 -->
  <testcase classname="testNGAnnotation_Flags.Flag3" name="method1" time="0.001">
    <system-out>
      <![CDATA[This is method1 ]]>
    </system-out>
  </testcase> <!-- method1 -->
  <testcase classname="testNGAnnotation_Flags.Flag3" name="method1" time="0.001">
    <system-out>
      <![CDATA[This is method1 ]]>
    </system-out>
  </testcase> <!-- method1 -->
  <testcase classname="testNGAnnotation_Flags.Flag3" name="method1" time="0.002">
    <system-out>
      <![CDATA[This is method1 ]]>
    </system-out>
  </testcase> <!-- method1 -->
  <testcase classname="testNGAnnotation_Flags.Flag3" name="method1" time="0.001">
    <system-out>
      <![CDATA[This is method1 ]]>
    </system-out>
  </testcase> <!-- method1 -->
  <testcase classname="testNGAnnotation_Flags.Flag3" name="method1" time="0.001">
    <system-out>
      <![CDATA[This is method1 ]]>
    </system-out>
  </testcase> <!-- method1 -->
  <testcase classname="testNGAnnotation_Flags.Flag3" name="method1" time="0.001">
    <system-out>
      <![CDATA[This is method1 ]]>
    </system-out>
  </testcase> <!-- method1 -->
  <testcase classname="testNGAnnotation_Flags.Flag3" name="method1" time="0.000">
    <system-out>
      <![CDATA[This is method1 ]]>
    </system-out>
  </testcase> <!-- method1 -->
  <testcase classname="testNGAnnotation_Flags.Flag3" name="method1" time="0.001">
    <system-out>
      <![CDATA[This is method1 ]]>
    </system-out>
  </testcase> <!-- method1 -->
  <testcase classname="testNGAnnotation_Flags.Flag3" name="method1" time="0.002">
    <system-out>
      <![CDATA[This is method1 ]]>
    </system-out>
  </testcase> <!-- method1 -->
  <testcase classname="testNGAnnotation_Flags.Flag3" name="method1" time="0.001">
    <system-out>
      <![CDATA[This is method1 ]]>
    </system-out>
  </testcase> <!-- method1 -->
  <testcase classname="testNGAnnotation_Flags.Flag3" name="method1" time="0.000">
    <system-out>
      <![CDATA[This is method1 ]]>
    </system-out>
  </testcase> <!-- method1 -->
  <testcase classname="testNGAnnotation_Flags.Flag3" name="method1" time="0.001">
    <system-out>
      <![CDATA[This is method1 ]]>
    </system-out>
  </testcase> <!-- method1 -->
  <testcase classname="testNGAnnotation_Flags.Flag3" name="method1" time="0.003">
    <system-out>
      <![CDATA[This is method1 ]]>
    </system-out>
  </testcase> <!-- method1 -->
  <testcase classname="testNGAnnotation_Flags.Flag3" name="method1" time="0.001">
    <system-out>
      <![CDATA[This is method1 ]]>
    </system-out>
  </testcase> <!-- method1 -->
  <testcase classname="testNGAnnotation_Flags.Flag3" name="method1" time="0.001">
    <system-out>
      <![CDATA[This is method1 ]]>
    </system-out>
  </testcase> <!-- method1 -->
  <testcase classname="testNGAnnotation_Flags.Flag3" name="method1" time="0.001">
    <system-out>
      <![CDATA[This is method1 ]]>
    </system-out>
  </testcase> <!-- method1 -->
  <testcase classname="testNGAnnotation_Flags.Flag3" name="method1" time="0.001">
    <system-out>
      <![CDATA[This is method1 ]]>
    </system-out>
  </testcase> <!-- method1 -->
  <testcase classname="testNGAnnotation_Flags.Flag3" name="method1" time="0.006">
    <system-out>
      <![CDATA[This is method1 ]]>
    </system-out>
  </testcase> <!-- method1 -->
  <testcase classname="testNGAnnotation_Flags.Flag3" name="method1" time="0.000">
    <system-out>
      <![CDATA[This is method1 ]]>
    </system-out>
  </testcase> <!-- method1 -->
  <testcase classname="testNGAnnotation_Flags.Flag3" name="method1" time="0.001">
    <system-out>
      <![CDATA[This is method1 ]]>
    </system-out>
  </testcase> <!-- method1 -->
  <testcase classname="testNGAnnotation_Flags.Flag3" name="method1" time="0.001">
    <system-out>
      <![CDATA[This is method1 ]]>
    </system-out>
  </testcase> <!-- method1 -->
  <testcase classname="testNGAnnotation_Flags.Flag3" name="method1" time="0.001">
    <system-out>
      <![CDATA[This is method1 ]]>
    </system-out>
  </testcase> <!-- method1 -->
  <testcase classname="testNGAnnotation_Flags.Flag3" name="method1" time="0.000">
    <system-out>
      <![CDATA[This is method1 ]]>
    </system-out>
  </testcase> <!-- method1 -->
  <testcase classname="testNGAnnotation_Flags.Flag3" name="method1" time="0.005">
    <system-out>
      <![CDATA[This is method1 ]]>
    </system-out>
  </testcase> <!-- method1 -->
  <testcase classname="testNGAnnotation_Flags.Flag3" name="method1" time="0.001">
    <system-out>
      <![CDATA[This is method1 ]]>
    </system-out>
  </testcase> <!-- method1 -->
  <testcase classname="testNGAnnotation_Flags.Flag3" name="method1" time="0.002">
    <system-out>
      <![CDATA[This is method1 ]]>
    </system-out>
  </testcase> <!-- method1 -->
  <testcase classname="testNGAnnotation_Flags.Flag3" name="method1" time="0.002">
    <system-out>
      <![CDATA[This is method1 ]]>
    </system-out>
  </testcase> <!-- method1 -->
  <testcase classname="testNGAnnotation_Flags.Flag3" name="method1" time="0.001">
    <system-out>
      <![CDATA[This is method1 ]]>
    </system-out>
  </testcase> <!-- method1 -->
  <testcase classname="testNGAnnotation_Flags.Flag3" name="method1" time="0.000">
    <system-out>
      <![CDATA[This is method1 ]]>
    </system-out>
  </testcase> <!-- method1 -->
  <testcase classname="testNGAnnotation_Flags.Flag3" name="method1" time="0.001">
    <system-out>
      <![CDATA[This is method1 ]]>
    </system-out>
  </testcase> <!-- method1 -->
  <testcase classname="testNGAnnotation_Flags.Flag3" name="method1" time="0.001">
    <system-out>
      <![CDATA[This is method1 ]]>
    </system-out>
  </testcase> <!-- method1 -->
  <testcase classname="testNGAnnotation_Flags.Flag3" name="method1" time="0.000">
    <system-out>
      <![CDATA[This is method1 ]]>
    </system-out>
  </testcase> <!-- method1 -->
  <testcase classname="testNGAnnotation_Flags.Flag3" name="method1" time="0.002">
    <system-out>
      <![CDATA[This is method1 ]]>
    </system-out>
  </testcase> <!-- method1 -->
  <testcase classname="testNGAnnotation_Flags.Flag3" name="method1" time="0.001">
    <system-out>
      <![CDATA[This is method1 ]]>
    </system-out>
  </testcase> <!-- method1 -->
  <testcase classname="testNGAnnotation_Flags.Flag3" name="method1" time="0.002">
    <system-out>
      <![CDATA[This is method1 ]]>
    </system-out>
  </testcase> <!-- method1 -->
  <testcase classname="testNGAnnotation_Flags.Flag3" name="method1" time="0.002">
    <system-out>
      <![CDATA[This is method1 ]]>
    </system-out>
  </testcase> <!-- method1 -->
  <testcase classname="testNGAnnotation_Flags.Flag3" name="method1" time="0.003">
    <system-out>
      <![CDATA[This is method1 ]]>
    </system-out>
  </testcase> <!-- method1 -->
  <testcase classname="testNGAnnotation_Flags.Flag3" name="method1" time="0.009">
    <system-out>
      <![CDATA[This is method1 ]]>
    </system-out>
  </testcase> <!-- method1 -->
  <testcase classname="testNGAnnotation_Flags.Flag3" name="method1" time="0.011">
    <system-out>
      <![CDATA[This is method1 ]]>
    </system-out>
  </testcase> <!-- method1 -->
  <testcase classname="testNGAnnotation_Flags.Flag3" name="method1" time="0.005">
    <system-out>
      <![CDATA[This is method1 ]]>
    </system-out>
  </testcase> <!-- method1 -->
  <testcase classname="testNGAnnotation_Flags.Flag3" name="method1" time="0.007">
    <system-out>
      <![CDATA[This is method1 ]]>
    </system-out>
  </testcase> <!-- method1 -->
  <testcase classname="testNGAnnotation_Flags.Flag3" name="method1" time="0.002">
    <system-out>
      <![CDATA[This is method1 ]]>
    </system-out>
  </testcase> <!-- method1 -->
  <testcase classname="testNGAnnotation_Flags.Flag3" name="method1" time="0.004">
    <system-out>
      <![CDATA[This is method1 ]]>
    </system-out>
  </testcase> <!-- method1 -->
  <testcase classname="testNGAnnotation_Flags.Flag3" name="method1" time="0.005">
    <system-out>
      <![CDATA[This is method1 ]]>
    </system-out>
  </testcase> <!-- method1 -->
  <testcase classname="testNGAnnotation_Flags.Flag3" name="method1" time="0.001">
    <system-out>
      <![CDATA[This is method1 ]]>
    </system-out>
  </testcase> <!-- method1 -->
  <testcase classname="testNGAnnotation_Flags.Flag3" name="method1" time="0.004">
    <system-out>
      <![CDATA[This is method1 ]]>
    </system-out>
  </testcase> <!-- method1 -->
  <testcase classname="testNGAnnotation_Flags.Flag3" name="method1" time="0.001">
    <system-out>
      <![CDATA[This is method1 ]]>
    </system-out>
  </testcase> <!-- method1 -->
  <testcase classname="testNGAnnotation_Flags.Flag3" name="method1" time="0.000">
    <system-out>
      <![CDATA[This is method1 ]]>
    </system-out>
  </testcase> <!-- method1 -->
  <testcase classname="testNGAnnotation_Flags.Flag3" name="method1" time="0.005">
    <system-out>
      <![CDATA[This is method1 ]]>
    </system-out>
  </testcase> <!-- method1 -->
  <testcase classname="testNGAnnotation_Flags.Flag3" name="method1" time="0.000">
    <system-out>
      <![CDATA[This is method1 ]]>
    </system-out>
  </testcase> <!-- method1 -->
  <testcase classname="testNGAnnotation_Flags.Flag3" name="method1" time="0.001">
    <system-out>
      <![CDATA[This is method1 ]]>
    </system-out>
  </testcase> <!-- method1 -->
  <testcase classname="testNGAnnotation_Flags.Flag3" name="method1" time="0.008">
    <system-out>
      <![CDATA[This is method1 ]]>
    </system-out>
  </testcase> <!-- method1 -->
  <testcase classname="testNGAnnotation_Flags.Flag3" name="method1" time="0.001">
    <system-out>
      <![CDATA[This is method1 ]]>
    </system-out>
  </testcase> <!-- method1 -->
  <testcase classname="testNGAnnotation_Flags.Flag3" name="method1" time="0.001">
    <system-out>
      <![CDATA[This is method1 ]]>
    </system-out>
  </testcase> <!-- method1 -->
  <testcase classname="testNGAnnotation_Flags.Flag3" name="method1" time="0.001">
    <system-out>
      <![CDATA[This is method1 ]]>
    </system-out>
  </testcase> <!-- method1 -->
  <testcase classname="testNGAnnotation_Flags.Flag3" name="method1" time="0.002">
    <system-out>
      <![CDATA[This is method1 ]]>
    </system-out>
  </testcase> <!-- method1 -->
  <testcase classname="testNGAnnotation_Flags.Flag3" name="method1" time="0.001">
    <system-out>
      <![CDATA[This is method1 ]]>
    </system-out>
  </testcase> <!-- method1 -->
  <testcase classname="testNGAnnotation_Flags.Flag3" name="method1" time="0.001">
    <system-out>
      <![CDATA[This is method1 ]]>
    </system-out>
  </testcase> <!-- method1 -->
  <testcase classname="testNGAnnotation_Flags.Flag3" name="method1" time="0.000">
    <system-out>
      <![CDATA[This is method1 ]]>
    </system-out>
  </testcase> <!-- method1 -->
  <testcase classname="testNGAnnotation_Flags.Flag3" name="method1" time="0.001">
    <system-out>
      <![CDATA[This is method1 ]]>
    </system-out>
  </testcase> <!-- method1 -->
  <testcase classname="testNGAnnotation_Flags.Flag3" name="method1" time="0.001">
    <system-out>
      <![CDATA[This is method1 ]]>
    </system-out>
  </testcase> <!-- method1 -->
  <testcase classname="testNGAnnotation_Flags.Flag3" name="method1" time="0.008">
    <system-out>
      <![CDATA[This is method1 ]]>
    </system-out>
  </testcase> <!-- method1 -->
  <testcase classname="testNGAnnotation_Flags.Flag3" name="method1" time="0.001">
    <system-out>
      <![CDATA[This is method1 ]]>
    </system-out>
  </testcase> <!-- method1 -->
  <testcase classname="testNGAnnotation_Flags.Flag3" name="method1" time="0.001">
    <system-out>
      <![CDATA[This is method1 ]]>
    </system-out>
  </testcase> <!-- method1 -->
  <testcase classname="testNGAnnotation_Flags.Flag3" name="method1" time="0.001">
    <system-out>
      <![CDATA[This is method1 ]]>
    </system-out>
  </testcase> <!-- method1 -->
  <testcase classname="testNGAnnotation_Flags.Flag3" name="method1" time="0.003">
    <system-out>
      <![CDATA[This is method1 ]]>
    </system-out>
  </testcase> <!-- method1 -->
  <testcase classname="testNGAnnotation_Flags.Flag3" name="method1" time="0.001">
    <system-out>
      <![CDATA[This is method1 ]]>
    </system-out>
  </testcase> <!-- method1 -->
  <testcase classname="testNGAnnotation_Flags.Flag3" name="method1" time="0.001">
    <system-out>
      <![CDATA[This is method1 ]]>
    </system-out>
  </testcase> <!-- method1 -->
  <testcase classname="testNGAnnotation_Flags.Flag3" name="method1" time="0.001">
    <system-out>
      <![CDATA[This is method1 ]]>
    </system-out>
  </testcase> <!-- method1 -->
  <testcase classname="testNGAnnotation_Flags.Flag3" name="method1" time="0.002">
    <system-out>
      <![CDATA[This is method1 ]]>
    </system-out>
  </testcase> <!-- method1 -->
  <testcase classname="testNGAnnotation_Flags.Flag3" name="method1" time="0.001">
    <system-out>
      <![CDATA[This is method1 ]]>
    </system-out>
  </testcase> <!-- method1 -->
  <testcase classname="testNGAnnotation_Flags.Flag3" name="method1" time="0.001">
    <system-out>
      <![CDATA[This is method1 ]]>
    </system-out>
  </testcase> <!-- method1 -->
  <testcase classname="testNGAnnotation_Flags.Flag3" name="method1" time="0.000">
    <system-out>
      <![CDATA[This is method1 ]]>
    </system-out>
  </testcase> <!-- method1 -->
  <testcase classname="testNGAnnotation_Flags.Flag3" name="method1" time="0.001">
    <system-out>
      <![CDATA[This is method1 ]]>
    </system-out>
  </testcase> <!-- method1 -->
  <testcase classname="testNGAnnotation_Flags.Flag3" name="method1" time="0.001">
    <system-out>
      <![CDATA[This is method1 ]]>
    </system-out>
  </testcase> <!-- method1 -->
  <testcase classname="testNGAnnotation_Flags.Flag3" name="method1" time="0.000">
    <system-out>
      <![CDATA[This is method1 ]]>
    </system-out>
  </testcase> <!-- method1 -->
  <testcase classname="testNGAnnotation_Flags.Flag3" name="method1" time="0.001">
    <system-out>
      <![CDATA[This is method1 ]]>
    </system-out>
  </testcase> <!-- method1 -->
  <testcase classname="testNGAnnotation_Flags.Flag3" name="method1" time="0.000">
    <system-out>
      <![CDATA[This is method1 ]]>
    </system-out>
  </testcase> <!-- method1 -->
  <testcase classname="testNGAnnotation_Flags.Flag3" name="method1" time="0.001">
    <system-out>
      <![CDATA[This is method1 ]]>
    </system-out>
  </testcase> <!-- method1 -->
  <testcase classname="testNGAnnotation_Flags.Flag3" name="method1" time="0.001">
    <system-out>
      <![CDATA[This is method1 ]]>
    </system-out>
  </testcase> <!-- method1 -->
  <testcase classname="testNGAnnotation_Flags.Flag3" name="method1" time="0.014">
    <system-out>
      <![CDATA[This is method1 ]]>
    </system-out>
  </testcase> <!-- method1 -->
  <testcase classname="testNGAnnotation_Flags.Flag3" name="method1" time="0.001">
    <system-out>
      <![CDATA[This is method1 ]]>
    </system-out>
  </testcase> <!-- method1 -->
  <testcase classname="testNGAnnotation_Flags.Flag3" name="method1" time="0.000">
    <system-out>
      <![CDATA[This is method1 ]]>
    </system-out>
  </testcase> <!-- method1 -->
  <testcase classname="testNGAnnotation_Flags.Flag3" name="method1" time="0.000">
    <system-out>
      <![CDATA[This is method1 ]]>
    </system-out>
  </testcase> <!-- method1 -->
  <testcase classname="testNGAnnotation_Flags.Flag3" name="method1" time="0.001">
    <system-out>
      <![CDATA[This is method1 ]]>
    </system-out>
  </testcase> <!-- method1 -->
  <testcase classname="testNGAnnotation_Flags.Flag3" name="method1" time="0.001">
    <system-out>
      <![CDATA[This is method1 ]]>
    </system-out>
  </testcase> <!-- method1 -->
  <testcase classname="testNGAnnotation_Flags.Flag3" name="method1" time="0.002">
    <system-out>
      <![CDATA[This is method1 ]]>
    </system-out>
  </testcase> <!-- method1 -->
  <testcase classname="testNGAnnotation_Flags.Flag3" name="method1" time="0.001">
    <system-out>
      <![CDATA[This is method1 ]]>
    </system-out>
  </testcase> <!-- method1 -->
  <testcase classname="testNGAnnotation_Flags.Flag3" name="method1" time="0.009">
    <system-out>
      <![CDATA[This is method1 ]]>
    </system-out>
  </testcase> <!-- method1 -->
  <testcase classname="testNGAnnotation_Flags.Flag3" name="method1" time="0.001">
    <system-out>
      <![CDATA[This is method1 ]]>
    </system-out>
  </testcase> <!-- method1 -->
  <testcase classname="testNGAnnotation_Flags.Flag3" name="method1" time="0.002">
    <system-out>
      <![CDATA[This is method1 ]]>
    </system-out>
  </testcase> <!-- method1 -->
  <testcase classname="testNGAnnotation_Flags.Flag3" name="method1" time="0.000">
    <system-out>
      <![CDATA[This is method1 ]]>
    </system-out>
  </testcase> <!-- method1 -->
  <testcase classname="testNGAnnotation_Flags.Flag3" name="method1" time="0.000">
    <system-out>
      <![CDATA[This is method1 ]]>
    </system-out>
  </testcase> <!-- method1 -->
  <testcase classname="testNGAnnotation_Flags.Flag3" name="method1" time="0.000">
    <system-out>
      <![CDATA[This is method1 ]]>
    </system-out>
  </testcase> <!-- method1 -->
  <testcase classname="testNGAnnotation_Flags.Flag3" name="method1" time="0.001">
    <system-out>
      <![CDATA[This is method1 ]]>
    </system-out>
  </testcase> <!-- method1 -->
  <testcase classname="testNGAnnotation_Flags.Flag3" name="method1" time="0.001">
    <system-out>
      <![CDATA[This is method1 ]]>
    </system-out>
  </testcase> <!-- method1 -->
  <testcase classname="testNGAnnotation_Flags.Flag3" name="method1" time="0.001">
    <system-out>
      <![CDATA[This is method1 ]]>
    </system-out>
  </testcase> <!-- method1 -->
  <testcase classname="testNGAnnotation_Flags.Flag3" name="method1" time="0.002">
    <system-out>
      <![CDATA[This is method1 ]]>
    </system-out>
  </testcase> <!-- method1 -->
  <testcase classname="testNGAnnotation_Flags.Flag3" name="method1" time="0.002">
    <system-out>
      <![CDATA[This is method1 ]]>
    </system-out>
  </testcase> <!-- method1 -->
  <testcase classname="testNGAnnotation_Flags.Flag3" name="method1" time="0.005">
    <system-out>
      <![CDATA[This is method1 ]]>
    </system-out>
  </testcase> <!-- method1 -->
  <testcase classname="testNGAnnotation_Flags.Flag3" name="method1" time="0.001">
    <system-out>
      <![CDATA[This is method1 ]]>
    </system-out>
  </testcase> <!-- method1 -->
  <testcase classname="testNGAnnotation_Flags.Flag3" name="method1" time="0.001">
    <system-out>
      <![CDATA[This is method1 ]]>
    </system-out>
  </testcase> <!-- method1 -->
  <testcase classname="testNGAnnotation_Flags.Flag3" name="method1" time="0.000">
    <system-out>
      <![CDATA[This is method1 ]]>
    </system-out>
  </testcase> <!-- method1 -->
  <testcase classname="testNGAnnotation_Flags.Flag3" name="method1" time="0.006">
    <system-out>
      <![CDATA[This is method1 ]]>
    </system-out>
  </testcase> <!-- method1 -->
  <testcase classname="testNGAnnotation_Flags.Flag3" name="method1" time="0.000">
    <system-out>
      <![CDATA[This is method1 ]]>
    </system-out>
  </testcase> <!-- method1 -->
  <testcase classname="testNGAnnotation_Flags.Flag3" name="method1" time="0.001">
    <system-out>
      <![CDATA[This is method1 ]]>
    </system-out>
  </testcase> <!-- method1 -->
  <testcase classname="testNGAnnotation_Flags.Flag3" name="method1" time="0.001">
    <system-out>
      <![CDATA[This is method1 ]]>
    </system-out>
  </testcase> <!-- method1 -->
  <testcase classname="testNGAnnotation_Flags.Flag3" name="method1" time="0.001">
    <system-out>
      <![CDATA[This is method1 ]]>
    </system-out>
  </testcase> <!-- method1 -->
  <testcase classname="testNGAnnotation_Flags.Flag3" name="method1" time="0.001">
    <system-out>
      <![CDATA[This is method1 ]]>
    </system-out>
  </testcase> <!-- method1 -->
  <testcase classname="testNGAnnotation_Flags.Flag3" name="method1" time="0.001">
    <system-out>
      <![CDATA[This is method1 ]]>
    </system-out>
  </testcase> <!-- method1 -->
  <testcase classname="testNGAnnotation_Flags.Flag3" name="method1" time="0.001">
    <system-out>
      <![CDATA[This is method1 ]]>
    </system-out>
  </testcase> <!-- method1 -->
  <testcase classname="testNGAnnotation_Flags.Flag3" name="method1" time="0.000">
    <system-out>
      <![CDATA[This is method1 ]]>
    </system-out>
  </testcase> <!-- method1 -->
  <testcase classname="testNGAnnotation_Flags.Flag3" name="method1" time="0.001">
    <system-out>
      <![CDATA[This is method1 ]]>
    </system-out>
  </testcase> <!-- method1 -->
  <testcase classname="testNGAnnotation_Flags.Flag3" name="method1" time="0.001">
    <system-out>
      <![CDATA[This is method1 ]]>
    </system-out>
  </testcase> <!-- method1 -->
  <testcase classname="testNGAnnotation_Flags.Flag3" name="method1" time="0.005">
    <system-out>
      <![CDATA[This is method1 ]]>
    </system-out>
  </testcase> <!-- method1 -->
  <testcase classname="testNGAnnotation_Flags.Flag3" name="method1" time="0.002">
    <system-out>
      <![CDATA[This is method1 ]]>
    </system-out>
  </testcase> <!-- method1 -->
  <testcase classname="testNGAnnotation_Flags.Flag3" name="method1" time="0.005">
    <system-out>
      <![CDATA[This is method1 ]]>
    </system-out>
  </testcase> <!-- method1 -->
  <testcase classname="testNGAnnotation_Flags.Flag3" name="method1" time="0.001">
    <system-out>
      <![CDATA[This is method1 ]]>
    </system-out>
  </testcase> <!-- method1 -->
  <testcase classname="testNGAnnotation_Flags.Flag3" name="method1" time="0.002">
    <system-out>
      <![CDATA[This is method1 ]]>
    </system-out>
  </testcase> <!-- method1 -->
  <testcase classname="testNGAnnotation_Flags.Flag3" name="method1" time="0.013">
    <system-out>
      <![CDATA[This is method1 ]]>
    </system-out>
  </testcase> <!-- method1 -->
  <testcase classname="testNGAnnotation_Flags.Flag3" name="method1" time="0.004">
    <system-out>
      <![CDATA[This is method1 ]]>
    </system-out>
  </testcase> <!-- method1 -->
  <testcase classname="testNGAnnotation_Flags.Flag3" name="method1" time="0.000">
    <system-out>
      <![CDATA[This is method1 ]]>
    </system-out>
  </testcase> <!-- method1 -->
  <testcase classname="testNGAnnotation_Flags.Flag3" name="method1" time="0.002">
    <system-out>
      <![CDATA[This is method1 ]]>
    </system-out>
  </testcase> <!-- method1 -->
  <testcase classname="testNGAnnotation_Flags.Flag3" name="method1" time="0.000">
    <system-out>
      <![CDATA[This is method1 ]]>
    </system-out>
  </testcase> <!-- method1 -->
  <testcase classname="testNGAnnotation_Flags.Flag3" name="method1" time="0.002">
    <system-out>
      <![CDATA[This is method1 ]]>
    </system-out>
  </testcase> <!-- method1 -->
  <testcase classname="testNGAnnotation_Flags.Flag3" name="method1" time="0.001">
    <system-out>
      <![CDATA[This is method1 ]]>
    </system-out>
  </testcase> <!-- method1 -->
  <testcase classname="testNGAnnotation_Flags.Flag3" name="method1" time="0.005">
    <system-out>
      <![CDATA[This is method1 ]]>
    </system-out>
  </testcase> <!-- method1 -->
  <testcase classname="testNGAnnotation_Flags.Flag3" name="method1" time="0.001">
    <system-out>
      <![CDATA[This is method1 ]]>
    </system-out>
  </testcase> <!-- method1 -->
  <testcase classname="testNGAnnotation_Flags.Flag3" name="method1" time="0.001">
    <system-out>
      <![CDATA[This is method1 ]]>
    </system-out>
  </testcase> <!-- method1 -->
  <testcase classname="testNGAnnotation_Flags.Flag3" name="method1" time="0.003">
    <system-out>
      <![CDATA[This is method1 ]]>
    </system-out>
  </testcase> <!-- method1 -->
  <testcase classname="testNGAnnotation_Flags.Flag3" name="method1" time="0.001">
    <system-out>
      <![CDATA[This is method1 ]]>
    </system-out>
  </testcase> <!-- method1 -->
  <testcase classname="testNGAnnotation_Flags.Flag3" name="method1" time="0.002">
    <system-out>
      <![CDATA[This is method1 ]]>
    </system-out>
  </testcase> <!-- method1 -->
  <testcase classname="testNGAnnotation_Flags.Flag3" name="method1" time="0.001">
    <system-out>
      <![CDATA[This is method1 ]]>
    </system-out>
  </testcase> <!-- method1 -->
  <testcase classname="testNGAnnotation_Flags.Flag3" name="method1" time="0.002">
    <system-out>
      <![CDATA[This is method1 ]]>
    </system-out>
  </testcase> <!-- method1 -->
  <testcase classname="testNGAnnotation_Flags.Flag3" name="method1" time="0.000">
    <system-out>
      <![CDATA[This is method1 ]]>
    </system-out>
  </testcase> <!-- method1 -->
  <testcase classname="testNGAnnotation_Flags.Flag3" name="method1" time="0.001">
    <system-out>
      <![CDATA[This is method1 ]]>
    </system-out>
  </testcase> <!-- method1 -->
  <testcase classname="testNGAnnotation_Flags.Flag3" name="method1" time="0.011">
    <system-out>
      <![CDATA[This is method1 ]]>
    </system-out>
  </testcase> <!-- method1 -->
  <testcase classname="testNGAnnotation_Flags.Flag3" name="method1" time="0.005">
    <system-out>
      <![CDATA[This is method1 ]]>
    </system-out>
  </testcase> <!-- method1 -->
  <testcase classname="testNGAnnotation_Flags.Flag3" name="method1" time="0.010">
    <system-out>
      <![CDATA[This is method1 ]]>
    </system-out>
  </testcase> <!-- method1 -->
  <testcase classname="testNGAnnotation_Flags.Flag3" name="method1" time="0.001">
    <system-out>
      <![CDATA[This is method1 ]]>
    </system-out>
  </testcase> <!-- method1 -->
  <testcase classname="testNGAnnotation_Flags.Flag3" name="method1" time="0.011">
    <system-out>
      <![CDATA[This is method1 ]]>
    </system-out>
  </testcase> <!-- method1 -->
  <testcase classname="testNGAnnotation_Flags.Flag3" name="method1" time="0.001">
    <system-out>
      <![CDATA[This is method1 ]]>
    </system-out>
  </testcase> <!-- method1 -->
  <testcase classname="testNGAnnotation_Flags.Flag3" name="method1" time="0.000">
    <system-out>
      <![CDATA[This is method1 ]]>
    </system-out>
  </testcase> <!-- method1 -->
  <testcase classname="testNGAnnotation_Flags.Flag3" name="method1" time="0.001">
    <system-out>
      <![CDATA[This is method1 ]]>
    </system-out>
  </testcase> <!-- method1 -->
  <testcase classname="testNGAnnotation_Flags.Flag3" name="method1" time="0.000">
    <system-out>
      <![CDATA[This is method1 ]]>
    </system-out>
  </testcase> <!-- method1 -->
  <testcase classname="testNGAnnotation_Flags.Flag3" name="method1" time="0.007">
    <system-out>
      <![CDATA[This is method1 ]]>
    </system-out>
  </testcase> <!-- method1 -->
  <testcase classname="testNGAnnotation_Flags.Flag3" name="method1" time="0.001">
    <system-out>
      <![CDATA[This is method1 ]]>
    </system-out>
  </testcase> <!-- method1 -->
  <testcase classname="testNGAnnotation_Flags.Flag3" name="method1" time="0.000">
    <system-out>
      <![CDATA[This is method1 ]]>
    </system-out>
  </testcase> <!-- method1 -->
  <testcase classname="testNGAnnotation_Flags.Flag3" name="method1" time="0.029">
    <system-out>
      <![CDATA[This is method1 ]]>
    </system-out>
  </testcase> <!-- method1 -->
  <testcase classname="testNGAnnotation_Flags.Flag3" name="method1" time="0.002">
    <system-out>
      <![CDATA[This is method1 ]]>
    </system-out>
  </testcase> <!-- method1 -->
  <testcase classname="testNGAnnotation_Flags.Flag3" name="method1" time="0.001">
    <system-out>
      <![CDATA[This is method1 ]]>
    </system-out>
  </testcase> <!-- method1 -->
  <testcase classname="testNGAnnotation_Flags.Flag3" name="method1" time="0.001">
    <system-out>
      <![CDATA[This is method1 ]]>
    </system-out>
  </testcase> <!-- method1 -->
  <testcase classname="testNGAnnotation_Flags.Flag3" name="method1" time="0.007">
    <system-out>
      <![CDATA[This is method1 ]]>
    </system-out>
  </testcase> <!-- method1 -->
  <testcase classname="testNGAnnotation_Flags.Flag3" name="method1" time="0.001">
    <system-out>
      <![CDATA[This is method1 ]]>
    </system-out>
  </testcase> <!-- method1 -->
  <testcase classname="testNGAnnotation_Flags.Flag3" name="method1" time="0.001">
    <system-out>
      <![CDATA[This is method1 ]]>
    </system-out>
  </testcase> <!-- method1 -->
  <testcase classname="testNGAnnotation_Flags.Flag3" name="method1" time="0.001">
    <system-out>
      <![CDATA[This is method1 ]]>
    </system-out>
  </testcase> <!-- method1 -->
  <testcase classname="testNGAnnotation_Flags.Flag3" name="method1" time="0.004">
    <system-out>
      <![CDATA[This is method1 ]]>
    </system-out>
  </testcase> <!-- method1 -->
  <testcase classname="testNGAnnotation_Flags.Flag3" name="method1" time="0.001">
    <system-out>
      <![CDATA[This is method1 ]]>
    </system-out>
  </testcase> <!-- method1 -->
  <testcase classname="testNGAnnotation_Flags.Flag3" name="method1" time="0.001">
    <system-out>
      <![CDATA[This is method1 ]]>
    </system-out>
  </testcase> <!-- method1 -->
  <testcase classname="testNGAnnotation_Flags.Flag3" name="method1" time="0.002">
    <system-out>
      <![CDATA[This is method1 ]]>
    </system-out>
  </testcase> <!-- method1 -->
  <testcase classname="testNGAnnotation_Flags.Flag3" name="method1" time="0.001">
    <system-out>
      <![CDATA[This is method1 ]]>
    </system-out>
  </testcase> <!-- method1 -->
  <testcase classname="testNGAnnotation_Flags.Flag3" name="method1" time="0.002">
    <system-out>
      <![CDATA[This is method1 ]]>
    </system-out>
  </testcase> <!-- method1 -->
  <testcase classname="testNGAnnotation_Flags.Flag3" name="method1" time="0.000">
    <system-out>
      <![CDATA[This is method1 ]]>
    </system-out>
  </testcase> <!-- method1 -->
  <testcase classname="testNGAnnotation_Flags.Flag3" name="method1" time="0.001">
    <system-out>
      <![CDATA[This is method1 ]]>
    </system-out>
  </testcase> <!-- method1 -->
  <testcase classname="testNGAnnotation_Flags.Flag3" name="method1" time="0.001">
    <system-out>
      <![CDATA[This is method1 ]]>
    </system-out>
  </testcase> <!-- method1 -->
  <testcase classname="testNGAnnotation_Flags.Flag3" name="method1" time="0.001">
    <system-out>
      <![CDATA[This is method1 ]]>
    </system-out>
  </testcase> <!-- method1 -->
  <testcase classname="testNGAnnotation_Flags.Flag3" name="method1" time="0.001">
    <system-out>
      <![CDATA[This is method1 ]]>
    </system-out>
  </testcase> <!-- method1 -->
  <testcase classname="testNGAnnotation_Flags.Flag3" name="method1" time="0.002">
    <system-out>
      <![CDATA[This is method1 ]]>
    </system-out>
  </testcase> <!-- method1 -->
  <testcase classname="testNGAnnotation_Flags.Flag3" name="method1" time="0.000">
    <system-out>
      <![CDATA[This is method1 ]]>
    </system-out>
  </testcase> <!-- method1 -->
  <testcase classname="testNGAnnotation_Flags.Flag3" name="method1" time="0.001">
    <system-out>
      <![CDATA[This is method1 ]]>
    </system-out>
  </testcase> <!-- method1 -->
  <testcase classname="testNGAnnotation_Flags.Flag3" name="method1" time="0.001">
    <system-out>
      <![CDATA[This is method1 ]]>
    </system-out>
  </testcase> <!-- method1 -->
  <testcase classname="testNGAnnotation_Flags.Flag3" name="method1" time="0.001">
    <system-out>
      <![CDATA[This is method1 ]]>
    </system-out>
  </testcase> <!-- method1 -->
  <testcase classname="testNGAnnotation_Flags.Flag3" name="method1" time="0.001">
    <system-out>
      <![CDATA[This is method1 ]]>
    </system-out>
  </testcase> <!-- method1 -->
  <testcase classname="testNGAnnotation_Flags.Flag3" name="method1" time="0.002">
    <system-out>
      <![CDATA[This is method1 ]]>
    </system-out>
  </testcase> <!-- method1 -->
  <testcase classname="testNGAnnotation_Flags.Flag3" name="method1" time="0.001">
    <system-out>
      <![CDATA[This is method1 ]]>
    </system-out>
  </testcase> <!-- method1 -->
  <testcase classname="testNGAnnotation_Flags.Flag3" name="method1" time="0.001">
    <system-out>
      <![CDATA[This is method1 ]]>
    </system-out>
  </testcase> <!-- method1 -->
  <testcase classname="testNGAnnotation_Flags.Flag3" name="method1" time="0.050">
    <system-out>
      <![CDATA[This is method1 ]]>
    </system-out>
  </testcase> <!-- method1 -->
  <testcase classname="testNGAnnotation_Flags.Flag3" name="method1" time="0.001">
    <system-out>
      <![CDATA[This is method1 ]]>
    </system-out>
  </testcase> <!-- method1 -->
  <testcase classname="testNGAnnotation_Flags.Flag3" name="method1" time="0.001">
    <system-out>
      <![CDATA[This is method1 ]]>
    </system-out>
  </testcase> <!-- method1 -->
  <testcase classname="testNGAnnotation_Flags.Flag3" name="method1" time="0.001">
    <system-out>
      <![CDATA[This is method1 ]]>
    </system-out>
  </testcase> <!-- method1 -->
  <testcase classname="testNGAnnotation_Flags.Flag3" name="method1" time="0.001">
    <system-out>
      <![CDATA[This is method1 ]]>
    </system-out>
  </testcase> <!-- method1 -->
  <testcase classname="testNGAnnotation_Flags.Flag3" name="method1" time="0.001">
    <system-out>
      <![CDATA[This is method1 ]]>
    </system-out>
  </testcase> <!-- method1 -->
  <testcase classname="testNGAnnotation_Flags.Flag3" name="method1" time="0.002">
    <system-out>
      <![CDATA[This is method1 ]]>
    </system-out>
  </testcase> <!-- method1 -->
  <testcase classname="testNGAnnotation_Flags.Flag3" name="method1" time="0.001">
    <system-out>
      <![CDATA[This is method1 ]]>
    </system-out>
  </testcase> <!-- method1 -->
  <testcase classname="testNGAnnotation_Flags.Flag3" name="method1" time="0.001">
    <system-out>
      <![CDATA[This is method1 ]]>
    </system-out>
  </testcase> <!-- method1 -->
  <testcase classname="testNGAnnotation_Flags.Flag3" name="method1" time="0.001">
    <system-out>
      <![CDATA[This is method1 ]]>
    </system-out>
  </testcase> <!-- method1 -->
  <testcase classname="testNGAnnotation_Flags.Flag3" name="method1" time="0.001">
    <system-out>
      <![CDATA[This is method1 ]]>
    </system-out>
  </testcase> <!-- method1 -->
  <testcase classname="testNGAnnotation_Flags.Flag3" name="method1" time="0.000">
    <system-out>
      <![CDATA[This is method1 ]]>
    </system-out>
  </testcase> <!-- method1 -->
  <testcase classname="testNGAnnotation_Flags.Flag3" name="method1" time="0.000">
    <system-out>
      <![CDATA[This is method1 ]]>
    </system-out>
  </testcase> <!-- method1 -->
  <testcase classname="testNGAnnotation_Flags.Flag3" name="method1" time="0.001">
    <system-out>
      <![CDATA[This is method1 ]]>
    </system-out>
  </testcase> <!-- method1 -->
  <testcase classname="testNGAnnotation_Flags.Flag3" name="method1" time="0.001">
    <system-out>
      <![CDATA[This is method1 ]]>
    </system-out>
  </testcase> <!-- method1 -->
  <testcase classname="testNGAnnotation_Flags.Flag3" name="method1" time="0.002">
    <system-out>
      <![CDATA[This is method1 ]]>
    </system-out>
  </testcase> <!-- method1 -->
  <testcase classname="testNGAnnotation_Flags.Flag3" name="method1" time="0.000">
    <system-out>
      <![CDATA[This is method1 ]]>
    </system-out>
  </testcase> <!-- method1 -->
  <testcase classname="testNGAnnotation_Flags.Flag3" name="method1" time="0.001">
    <system-out>
      <![CDATA[This is method1 ]]>
    </system-out>
  </testcase> <!-- method1 -->
  <testcase classname="testNGAnnotation_Flags.Flag3" name="method1" time="0.001">
    <system-out>
      <![CDATA[This is method1 ]]>
    </system-out>
  </testcase> <!-- method1 -->
  <testcase classname="testNGAnnotation_Flags.Flag3" name="method1" time="0.005">
    <system-out>
      <![CDATA[This is method1 ]]>
    </system-out>
  </testcase> <!-- method1 -->
  <testcase classname="testNGAnnotation_Flags.Flag3" name="method1" time="0.002">
    <system-out>
      <![CDATA[This is method1 ]]>
    </system-out>
  </testcase> <!-- method1 -->
  <testcase classname="testNGAnnotation_Flags.Flag3" name="method1" time="0.000">
    <system-out>
      <![CDATA[This is method1 ]]>
    </system-out>
  </testcase> <!-- method1 -->
  <testcase classname="testNGAnnotation_Flags.Flag3" name="method1" time="0.000">
    <system-out>
      <![CDATA[This is method1 ]]>
    </system-out>
  </testcase> <!-- method1 -->
  <testcase classname="testNGAnnotation_Flags.Flag3" name="method1" time="0.001">
    <system-out>
      <![CDATA[This is method1 ]]>
    </system-out>
  </testcase> <!-- method1 -->
  <testcase classname="testNGAnnotation_Flags.Flag3" name="method1" time="0.001">
    <system-out>
      <![CDATA[This is method1 ]]>
    </system-out>
  </testcase> <!-- method1 -->
  <testcase classname="testNGAnnotation_Flags.Flag3" name="method1" time="0.001">
    <system-out>
      <![CDATA[This is method1 ]]>
    </system-out>
  </testcase> <!-- method1 -->
  <testcase classname="testNGAnnotation_Flags.Flag3" name="method1" time="0.002">
    <system-out>
      <![CDATA[This is method1 ]]>
    </system-out>
  </testcase> <!-- method1 -->
  <testcase classname="testNGAnnotation_Flags.Flag3" name="method1" time="0.001">
    <system-out>
      <![CDATA[This is method1 ]]>
    </system-out>
  </testcase> <!-- method1 -->
  <testcase classname="testNGAnnotation_Flags.Flag3" name="method1" time="0.004">
    <system-out>
      <![CDATA[This is method1 ]]>
    </system-out>
  </testcase> <!-- method1 -->
  <testcase classname="testNGAnnotation_Flags.Flag3" name="method1" time="0.001">
    <system-out>
      <![CDATA[This is method1 ]]>
    </system-out>
  </testcase> <!-- method1 -->
  <testcase classname="testNGAnnotation_Flags.Flag3" name="method1" time="0.001">
    <system-out>
      <![CDATA[This is method1 ]]>
    </system-out>
  </testcase> <!-- method1 -->
  <testcase classname="testNGAnnotation_Flags.Flag3" name="method1" time="0.035">
    <system-out>
      <![CDATA[This is method1 ]]>
    </system-out>
  </testcase> <!-- method1 -->
  <testcase classname="testNGAnnotation_Flags.Flag3" name="method1" time="0.004">
    <system-out>
      <![CDATA[This is method1 ]]>
    </system-out>
  </testcase> <!-- method1 -->
  <testcase classname="testNGAnnotation_Flags.Flag3" name="method1" time="0.001">
    <system-out>
      <![CDATA[This is method1 ]]>
    </system-out>
  </testcase> <!-- method1 -->
  <testcase classname="testNGAnnotation_Flags.Flag3" name="method1" time="0.000">
    <system-out>
      <![CDATA[This is method1 ]]>
    </system-out>
  </testcase> <!-- method1 -->
  <testcase classname="testNGAnnotation_Flags.Flag3" name="method1" time="0.000">
    <system-out>
      <![CDATA[This is method1 ]]>
    </system-out>
  </testcase> <!-- method1 -->
  <testcase classname="testNGAnnotation_Flags.Flag3" name="method1" time="0.000">
    <system-out>
      <![CDATA[This is method1 ]]>
    </system-out>
  </testcase> <!-- method1 -->
  <testcase classname="testNGAnnotation_Flags.Flag3" name="method1" time="0.001">
    <system-out>
      <![CDATA[This is method1 ]]>
    </system-out>
  </testcase> <!-- method1 -->
  <testcase classname="testNGAnnotation_Flags.Flag3" name="method1" time="0.000">
    <system-out>
      <![CDATA[This is method1 ]]>
    </system-out>
  </testcase> <!-- method1 -->
  <testcase classname="testNGAnnotation_Flags.Flag3" name="method1" time="0.001">
    <system-out>
      <![CDATA[This is method1 ]]>
    </system-out>
  </testcase> <!-- method1 -->
  <testcase classname="testNGAnnotation_Flags.Flag3" name="method1" time="0.005">
    <system-out>
      <![CDATA[This is method1 ]]>
    </system-out>
  </testcase> <!-- method1 -->
  <testcase classname="testNGAnnotation_Flags.Flag3" name="method1" time="0.013">
    <system-out>
      <![CDATA[This is method1 ]]>
    </system-out>
  </testcase> <!-- method1 -->
  <testcase classname="testNGAnnotation_Flags.Flag3" name="method1" time="0.000">
    <system-out>
      <![CDATA[This is method1 ]]>
    </system-out>
  </testcase> <!-- method1 -->
  <testcase classname="testNGAnnotation_Flags.Flag3" name="method1" time="0.001">
    <system-out>
      <![CDATA[This is method1 ]]>
    </system-out>
  </testcase> <!-- method1 -->
  <testcase classname="testNGAnnotation_Flags.Flag3" name="method1" time="0.001">
    <system-out>
      <![CDATA[This is method1 ]]>
    </system-out>
  </testcase> <!-- method1 -->
  <testcase classname="testNGAnnotation_Flags.Flag3" name="method1" time="0.001">
    <system-out>
      <![CDATA[This is method1 ]]>
    </system-out>
  </testcase> <!-- method1 -->
  <testcase classname="testNGAnnotation_Flags.Flag3" name="method1" time="0.001">
    <system-out>
      <![CDATA[This is method1 ]]>
    </system-out>
  </testcase> <!-- method1 -->
  <testcase classname="testNGAnnotation_Flags.Flag3" name="method1" time="0.006">
    <system-out>
      <![CDATA[This is method1 ]]>
    </system-out>
  </testcase> <!-- method1 -->
  <testcase classname="testNGAnnotation_Flags.Flag3" name="method1" time="0.000">
    <system-out>
      <![CDATA[This is method1 ]]>
    </system-out>
  </testcase> <!-- method1 -->
  <testcase classname="testNGAnnotation_Flags.Flag3" name="method1" time="0.001">
    <system-out>
      <![CDATA[This is method1 ]]>
    </system-out>
  </testcase> <!-- method1 -->
  <testcase classname="testNGAnnotation_Flags.Flag3" name="method1" time="0.000">
    <system-out>
      <![CDATA[This is method1 ]]>
    </system-out>
  </testcase> <!-- method1 -->
  <testcase classname="testNGAnnotation_Flags.Flag3" name="method1" time="0.001">
    <system-out>
      <![CDATA[This is method1 ]]>
    </system-out>
  </testcase> <!-- method1 -->
  <testcase classname="testNGAnnotation_Flags.Flag3" name="method1" time="0.000">
    <system-out>
      <![CDATA[This is method1 ]]>
    </system-out>
  </testcase> <!-- method1 -->
  <testcase classname="testNGAnnotation_Flags.Flag3" name="method1" time="0.001">
    <system-out>
      <![CDATA[This is method1 ]]>
    </system-out>
  </testcase> <!-- method1 -->
  <testcase classname="testNGAnnotation_Flags.Flag3" name="method1" time="0.000">
    <system-out>
      <![CDATA[This is method1 ]]>
    </system-out>
  </testcase> <!-- method1 -->
  <testcase classname="testNGAnnotation_Flags.Flag3" name="method1" time="0.001">
    <system-out>
      <![CDATA[This is method1 ]]>
    </system-out>
  </testcase> <!-- method1 -->
  <testcase classname="testNGAnnotation_Flags.Flag3" name="method1" time="0.008">
    <system-out>
      <![CDATA[This is method1 ]]>
    </system-out>
  </testcase> <!-- method1 -->
  <testcase classname="testNGAnnotation_Flags.Flag3" name="method1" time="0.002">
    <system-out>
      <![CDATA[This is method1 ]]>
    </system-out>
  </testcase> <!-- method1 -->
  <testcase classname="testNGAnnotation_Flags.Flag3" name="method1" time="0.008">
    <system-out>
      <![CDATA[This is method1 ]]>
    </system-out>
  </testcase> <!-- method1 -->
  <testcase classname="testNGAnnotation_Flags.Flag3" name="method1" time="0.001">
    <system-out>
      <![CDATA[This is method1 ]]>
    </system-out>
  </testcase> <!-- method1 -->
  <testcase classname="testNGAnnotation_Flags.Flag3" name="method1" time="0.001">
    <system-out>
      <![CDATA[This is method1 ]]>
    </system-out>
  </testcase> <!-- method1 -->
  <testcase classname="testNGAnnotation_Flags.Flag3" name="method1" time="0.000">
    <system-out>
      <![CDATA[This is method1 ]]>
    </system-out>
  </testcase> <!-- method1 -->
  <testcase classname="testNGAnnotation_Flags.Flag3" name="method1" time="0.019">
    <system-out>
      <![CDATA[This is method1 ]]>
    </system-out>
  </testcase> <!-- method1 -->
  <testcase classname="testNGAnnotation_Flags.Flag3" name="method1" time="0.001">
    <system-out>
      <![CDATA[This is method1 ]]>
    </system-out>
  </testcase> <!-- method1 -->
  <testcase classname="testNGAnnotation_Flags.Flag3" name="method1" time="0.000">
    <system-out>
      <![CDATA[This is method1 ]]>
    </system-out>
  </testcase> <!-- method1 -->
  <testcase classname="testNGAnnotation_Flags.Flag3" name="method1" time="0.002">
    <system-out>
      <![CDATA[This is method1 ]]>
    </system-out>
  </testcase> <!-- method1 -->
  <testcase classname="testNGAnnotation_Flags.Flag3" name="method1" time="0.001">
    <system-out>
      <![CDATA[This is method1 ]]>
    </system-out>
  </testcase> <!-- method1 -->
  <testcase classname="testNGAnnotation_Flags.Flag3" name="method1" time="0.001">
    <system-out>
      <![CDATA[This is method1 ]]>
    </system-out>
  </testcase> <!-- method1 -->
  <testcase classname="testNGAnnotation_Flags.Flag3" name="method1" time="0.002">
    <system-out>
      <![CDATA[This is method1 ]]>
    </system-out>
  </testcase> <!-- method1 -->
  <testcase classname="testNGAnnotation_Flags.Flag3" name="method1" time="0.006">
    <system-out>
      <![CDATA[This is method1 ]]>
    </system-out>
  </testcase> <!-- method1 -->
  <testcase classname="testNGAnnotation_Flags.Flag3" name="method1" time="0.001">
    <system-out>
      <![CDATA[This is method1 ]]>
    </system-out>
  </testcase> <!-- method1 -->
  <testcase classname="testNGAnnotation_Flags.Flag3" name="method1" time="0.001">
    <system-out>
      <![CDATA[This is method1 ]]>
    </system-out>
  </testcase> <!-- method1 -->
  <testcase classname="testNGAnnotation_Flags.Flag3" name="method1" time="0.000">
    <system-out>
      <![CDATA[This is method1 ]]>
    </system-out>
  </testcase> <!-- method1 -->
  <testcase classname="testNGAnnotation_Flags.Flag3" name="method1" time="0.000">
    <system-out>
      <![CDATA[This is method1 ]]>
    </system-out>
  </testcase> <!-- method1 -->
  <testcase classname="testNGAnnotation_Flags.Flag3" name="method1" time="0.010">
    <system-out>
      <![CDATA[This is method1 ]]>
    </system-out>
  </testcase> <!-- method1 -->
  <testcase classname="testNGAnnotation_Flags.Flag3" name="method1" time="0.008">
    <system-out>
      <![CDATA[This is method1 ]]>
    </system-out>
  </testcase> <!-- method1 -->
  <testcase classname="testNGAnnotation_Flags.Flag3" name="method1" time="0.022">
    <system-out>
      <![CDATA[This is method1 ]]>
    </system-out>
  </testcase> <!-- method1 -->
  <testcase classname="testNGAnnotation_Flags.Flag3" name="method1" time="0.002">
    <system-out>
      <![CDATA[This is method1 ]]>
    </system-out>
  </testcase> <!-- method1 -->
  <testcase classname="testNGAnnotation_Flags.Flag3" name="method1" time="0.000">
    <system-out>
      <![CDATA[This is method1 ]]>
    </system-out>
  </testcase> <!-- method1 -->
  <testcase classname="testNGAnnotation_Flags.Flag3" name="method1" time="0.001">
    <system-out>
      <![CDATA[This is method1 ]]>
    </system-out>
  </testcase> <!-- method1 -->
  <testcase classname="testNGAnnotation_Flags.Flag3" name="method1" time="0.002">
    <system-out>
      <![CDATA[This is method1 ]]>
    </system-out>
  </testcase> <!-- method1 -->
  <testcase classname="testNGAnnotation_Flags.Flag3" name="method1" time="0.003">
    <system-out>
      <![CDATA[This is method1 ]]>
    </system-out>
  </testcase> <!-- method1 -->
  <testcase classname="testNGAnnotation_Flags.Flag3" name="method1" time="0.002">
    <system-out>
      <![CDATA[This is method1 ]]>
    </system-out>
  </testcase> <!-- method1 -->
  <testcase classname="testNGAnnotation_Flags.Flag3" name="method1" time="0.001">
    <system-out>
      <![CDATA[This is method1 ]]>
    </system-out>
  </testcase> <!-- method1 -->
  <testcase classname="testNGAnnotation_Flags.Flag3" name="method1" time="0.002">
    <system-out>
      <![CDATA[This is method1 ]]>
    </system-out>
  </testcase> <!-- method1 -->
  <testcase classname="testNGAnnotation_Flags.Flag3" name="method1" time="0.000">
    <system-out>
      <![CDATA[This is method1 ]]>
    </system-out>
  </testcase> <!-- method1 -->
  <testcase classname="testNGAnnotation_Flags.Flag3" name="method1" time="0.005">
    <system-out>
      <![CDATA[This is method1 ]]>
    </system-out>
  </testcase> <!-- method1 -->
  <testcase classname="testNGAnnotation_Flags.Flag3" name="method1" time="0.004">
    <system-out>
      <![CDATA[This is method1 ]]>
    </system-out>
  </testcase> <!-- method1 -->
  <testcase classname="testNGAnnotation_Flags.Flag3" name="method1" time="0.005">
    <system-out>
      <![CDATA[This is method1 ]]>
    </system-out>
  </testcase> <!-- method1 -->
  <testcase classname="testNGAnnotation_Flags.Flag3" name="method1" time="0.001">
    <system-out>
      <![CDATA[This is method1 ]]>
    </system-out>
  </testcase> <!-- method1 -->
  <testcase classname="testNGAnnotation_Flags.Flag3" name="method1" time="0.000">
    <system-out>
      <![CDATA[This is method1 ]]>
    </system-out>
  </testcase> <!-- method1 -->
  <testcase classname="testNGAnnotation_Flags.Flag3" name="method1" time="0.007">
    <system-out>
      <![CDATA[This is method1 ]]>
    </system-out>
  </testcase> <!-- method1 -->
  <testcase classname="testNGAnnotation_Flags.Flag3" name="method1" time="0.008">
    <system-out>
      <![CDATA[This is method1 ]]>
    </system-out>
  </testcase> <!-- method1 -->
  <testcase classname="testNGAnnotation_Flags.Flag3" name="method1" time="0.003">
    <system-out>
      <![CDATA[This is method1 ]]>
    </system-out>
  </testcase> <!-- method1 -->
  <testcase classname="testNGAnnotation_Flags.Flag3" name="method1" time="0.000">
    <system-out>
      <![CDATA[This is method1 ]]>
    </system-out>
  </testcase> <!-- method1 -->
  <testcase classname="testNGAnnotation_Flags.Flag3" name="method1" time="0.003">
    <system-out>
      <![CDATA[This is method1 ]]>
    </system-out>
  </testcase> <!-- method1 -->
  <testcase classname="testNGAnnotation_Flags.Flag3" name="method1" time="0.005">
    <system-out>
      <![CDATA[This is method1 ]]>
    </system-out>
  </testcase> <!-- method1 -->
  <testcase classname="testNGAnnotation_Flags.Flag3" name="method1" time="0.000">
    <system-out>
      <![CDATA[This is method1 ]]>
    </system-out>
  </testcase> <!-- method1 -->
  <testcase classname="testNGAnnotation_Flags.Flag3" name="method1" time="0.000">
    <system-out>
      <![CDATA[This is method1 ]]>
    </system-out>
  </testcase> <!-- method1 -->
  <testcase classname="testNGAnnotation_Flags.Flag3" name="method1" time="0.001">
    <system-out>
      <![CDATA[This is method1 ]]>
    </system-out>
  </testcase> <!-- method1 -->
  <testcase classname="testNGAnnotation_Flags.Flag3" name="method1" time="0.001">
    <system-out>
      <![CDATA[This is method1 ]]>
    </system-out>
  </testcase> <!-- method1 -->
  <testcase classname="testNGAnnotation_Flags.Flag3" name="method1" time="0.000">
    <system-out>
      <![CDATA[This is method1 ]]>
    </system-out>
  </testcase> <!-- method1 -->
  <testcase classname="testNGAnnotation_Flags.Flag3" name="method1" time="0.001">
    <system-out>
      <![CDATA[This is method1 ]]>
    </system-out>
  </testcase> <!-- method1 -->
  <testcase classname="testNGAnnotation_Flags.Flag3" name="method1" time="0.001">
    <system-out>
      <![CDATA[This is method1 ]]>
    </system-out>
  </testcase> <!-- method1 -->
  <testcase classname="testNGAnnotation_Flags.Flag3" name="method1" time="0.003">
    <system-out>
      <![CDATA[This is method1 ]]>
    </system-out>
  </testcase> <!-- method1 -->
  <testcase classname="testNGAnnotation_Flags.Flag3" name="method1" time="0.001">
    <system-out>
      <![CDATA[This is method1 ]]>
    </system-out>
  </testcase> <!-- method1 -->
  <testcase classname="testNGAnnotation_Flags.Flag3" name="method1" time="0.012">
    <system-out>
      <![CDATA[This is method1 ]]>
    </system-out>
  </testcase> <!-- method1 -->
  <testcase classname="testNGAnnotation_Flags.Flag3" name="method1" time="0.000">
    <system-out>
      <![CDATA[This is method1 ]]>
    </system-out>
  </testcase> <!-- method1 -->
  <testcase classname="testNGAnnotation_Flags.Flag3" name="method1" time="0.000">
    <system-out>
      <![CDATA[This is method1 ]]>
    </system-out>
  </testcase> <!-- method1 -->
  <testcase classname="testNGAnnotation_Flags.Flag3" name="method1" time="0.002">
    <system-out>
      <![CDATA[This is method1 ]]>
    </system-out>
  </testcase> <!-- method1 -->
  <testcase classname="testNGAnnotation_Flags.Flag3" name="method1" time="0.001">
    <system-out>
      <![CDATA[This is method1 ]]>
    </system-out>
  </testcase> <!-- method1 -->
  <testcase classname="testNGAnnotation_Flags.Flag3" name="method1" time="0.003">
    <system-out>
      <![CDATA[This is method1 ]]>
    </system-out>
  </testcase> <!-- method1 -->
  <testcase classname="testNGAnnotation_Flags.Flag3" name="method1" time="0.001">
    <system-out>
      <![CDATA[This is method1 ]]>
    </system-out>
  </testcase> <!-- method1 -->
  <testcase classname="testNGAnnotation_Flags.Flag3" name="method1" time="0.001">
    <system-out>
      <![CDATA[This is method1 ]]>
    </system-out>
  </testcase> <!-- method1 -->
  <testcase classname="testNGAnnotation_Flags.Flag3" name="method1" time="0.001">
    <system-out>
      <![CDATA[This is method1 ]]>
    </system-out>
  </testcase> <!-- method1 -->
  <testcase classname="testNGAnnotation_Flags.Flag3" name="method1" time="0.004">
    <system-out>
      <![CDATA[This is method1 ]]>
    </system-out>
  </testcase> <!-- method1 -->
  <testcase classname="testNGAnnotation_Flags.Flag3" name="method1" time="0.001">
    <system-out>
      <![CDATA[This is method1 ]]>
    </system-out>
  </testcase> <!-- method1 -->
  <testcase classname="testNGAnnotation_Flags.Flag3" name="method1" time="0.029">
    <system-out>
      <![CDATA[This is method1 ]]>
    </system-out>
  </testcase> <!-- method1 -->
  <testcase classname="testNGAnnotation_Flags.Flag3" name="method1" time="0.000">
    <system-out>
      <![CDATA[This is method1 ]]>
    </system-out>
  </testcase> <!-- method1 -->
  <testcase classname="testNGAnnotation_Flags.Flag3" name="method1" time="0.001">
    <system-out>
      <![CDATA[This is method1 ]]>
    </system-out>
  </testcase> <!-- method1 -->
  <testcase classname="testNGAnnotation_Flags.Flag3" name="method1" time="0.001">
    <system-out>
      <![CDATA[This is method1 ]]>
    </system-out>
  </testcase> <!-- method1 -->
  <testcase classname="testNGAnnotation_Flags.Flag3" name="method1" time="0.001">
    <system-out>
      <![CDATA[This is method1 ]]>
    </system-out>
  </testcase> <!-- method1 -->
  <testcase classname="testNGAnnotation_Flags.Flag3" name="method1" time="0.001">
    <system-out>
      <![CDATA[This is method1 ]]>
    </system-out>
  </testcase> <!-- method1 -->
  <testcase classname="testNGAnnotation_Flags.Flag3" name="method1" time="0.000">
    <system-out>
      <![CDATA[This is method1 ]]>
    </system-out>
  </testcase> <!-- method1 -->
  <testcase classname="testNGAnnotation_Flags.Flag3" name="method1" time="0.001">
    <system-out>
      <![CDATA[This is method1 ]]>
    </system-out>
  </testcase> <!-- method1 -->
  <testcase classname="testNGAnnotation_Flags.Flag3" name="method1" time="0.002">
    <system-out>
      <![CDATA[This is method1 ]]>
    </system-out>
  </testcase> <!-- method1 -->
  <testcase classname="testNGAnnotation_Flags.Flag3" name="method1" time="0.140">
    <system-out>
      <![CDATA[This is method1 ]]>
    </system-out>
  </testcase> <!-- method1 -->
  <testcase classname="testNGAnnotation_Flags.Flag3" name="method1" time="0.000">
    <system-out>
      <![CDATA[This is method1 ]]>
    </system-out>
  </testcase> <!-- method1 -->
  <testcase classname="testNGAnnotation_Flags.Flag3" name="method1" time="0.001">
    <system-out>
      <![CDATA[This is method1 ]]>
    </system-out>
  </testcase> <!-- method1 -->
  <testcase classname="testNGAnnotation_Flags.Flag3" name="method1" time="0.002">
    <system-out>
      <![CDATA[This is method1 ]]>
    </system-out>
  </testcase> <!-- method1 -->
  <testcase classname="testNGAnnotation_Flags.Flag3" name="method1" time="0.001">
    <system-out>
      <![CDATA[This is method1 ]]>
    </system-out>
  </testcase> <!-- method1 -->
  <testcase classname="testNGAnnotation_Flags.Flag3" name="method1" time="0.001">
    <system-out>
      <![CDATA[This is method1 ]]>
    </system-out>
  </testcase> <!-- method1 -->
  <testcase classname="testNGAnnotation_Flags.Flag3" name="method1" time="0.001">
    <system-out>
      <![CDATA[This is method1 ]]>
    </system-out>
  </testcase> <!-- method1 -->
  <testcase classname="testNGAnnotation_Flags.Flag3" name="method1" time="0.001">
    <system-out>
      <![CDATA[This is method1 ]]>
    </system-out>
  </testcase> <!-- method1 -->
  <testcase classname="testNGAnnotation_Flags.Flag3" name="method1" time="0.001">
    <system-out>
      <![CDATA[This is method1 ]]>
    </system-out>
  </testcase> <!-- method1 -->
  <testcase classname="testNGAnnotation_Flags.Flag3" name="method1" time="0.001">
    <system-out>
      <![CDATA[This is method1 ]]>
    </system-out>
  </testcase> <!-- method1 -->
  <testcase classname="testNGAnnotation_Flags.Flag3" name="method1" time="0.007">
    <system-out>
      <![CDATA[This is method1 ]]>
    </system-out>
  </testcase> <!-- method1 -->
  <testcase classname="testNGAnnotation_Flags.Flag3" name="method1" time="0.002">
    <system-out>
      <![CDATA[This is method1 ]]>
    </system-out>
  </testcase> <!-- method1 -->
  <testcase classname="testNGAnnotation_Flags.Flag3" name="method1" time="0.011">
    <system-out>
      <![CDATA[This is method1 ]]>
    </system-out>
  </testcase> <!-- method1 -->
  <testcase classname="testNGAnnotation_Flags.Flag3" name="method1" time="0.002">
    <system-out>
      <![CDATA[This is method1 ]]>
    </system-out>
  </testcase> <!-- method1 -->
  <testcase classname="testNGAnnotation_Flags.Flag3" name="method1" time="0.001">
    <system-out>
      <![CDATA[This is method1 ]]>
    </system-out>
  </testcase> <!-- method1 -->
  <testcase classname="testNGAnnotation_Flags.Flag3" name="method1" time="0.001">
    <system-out>
      <![CDATA[This is method1 ]]>
    </system-out>
  </testcase> <!-- method1 -->
  <testcase classname="testNGAnnotation_Flags.Flag3" name="method1" time="0.014">
    <system-out>
      <![CDATA[This is method1 ]]>
    </system-out>
  </testcase> <!-- method1 -->
  <testcase classname="testNGAnnotation_Flags.Flag3" name="method1" time="0.001">
    <system-out>
      <![CDATA[This is method1 ]]>
    </system-out>
  </testcase> <!-- method1 -->
  <testcase classname="testNGAnnotation_Flags.Flag3" name="method1" time="0.004">
    <system-out>
      <![CDATA[This is method1 ]]>
    </system-out>
  </testcase> <!-- method1 -->
  <testcase classname="testNGAnnotation_Flags.Flag3" name="method1" time="0.001">
    <system-out>
      <![CDATA[This is method1 ]]>
    </system-out>
  </testcase> <!-- method1 -->
  <testcase classname="testNGAnnotation_Flags.Flag3" name="method1" time="0.007">
    <system-out>
      <![CDATA[This is method1 ]]>
    </system-out>
  </testcase> <!-- method1 -->
  <testcase classname="testNGAnnotation_Flags.Flag3" name="method1" time="0.001">
    <system-out>
      <![CDATA[This is method1 ]]>
    </system-out>
  </testcase> <!-- method1 -->
  <testcase classname="testNGAnnotation_Flags.Flag3" name="method1" time="0.002">
    <system-out>
      <![CDATA[This is method1 ]]>
    </system-out>
  </testcase> <!-- method1 -->
  <testcase classname="testNGAnnotation_Flags.Flag3" name="method1" time="0.000">
    <system-out>
      <![CDATA[This is method1 ]]>
    </system-out>
  </testcase> <!-- method1 -->
  <testcase classname="testNGAnnotation_Flags.Flag3" name="method1" time="0.001">
    <system-out>
      <![CDATA[This is method1 ]]>
    </system-out>
  </testcase> <!-- method1 -->
  <testcase classname="testNGAnnotation_Flags.Flag3" name="method1" time="0.001">
    <system-out>
      <![CDATA[This is method1 ]]>
    </system-out>
  </testcase> <!-- method1 -->
  <testcase classname="testNGAnnotation_Flags.Flag3" name="method1" time="0.000">
    <system-out>
      <![CDATA[This is method1 ]]>
    </system-out>
  </testcase> <!-- method1 -->
  <testcase classname="testNGAnnotation_Flags.Flag3" name="method1" time="0.003">
    <system-out>
      <![CDATA[This is method1 ]]>
    </system-out>
  </testcase> <!-- method1 -->
  <testcase classname="testNGAnnotation_Flags.Flag3" name="method1" time="0.000">
    <system-out>
      <![CDATA[This is method1 ]]>
    </system-out>
  </testcase> <!-- method1 -->
  <testcase classname="testNGAnnotation_Flags.Flag3" name="method1" time="0.001">
    <system-out>
      <![CDATA[This is method1 ]]>
    </system-out>
  </testcase> <!-- method1 -->
  <testcase classname="testNGAnnotation_Flags.Flag3" name="method1" time="0.000">
    <system-out>
      <![CDATA[This is method1 ]]>
    </system-out>
  </testcase> <!-- method1 -->
  <testcase classname="testNGAnnotation_Flags.Flag3" name="method1" time="0.001">
    <system-out>
      <![CDATA[This is method1 ]]>
    </system-out>
  </testcase> <!-- method1 -->
  <testcase classname="testNGAnnotation_Flags.Flag3" name="method1" time="0.001">
    <system-out>
      <![CDATA[This is method1 ]]>
    </system-out>
  </testcase> <!-- method1 -->
  <testcase classname="testNGAnnotation_Flags.Flag3" name="method1" time="0.001">
    <system-out>
      <![CDATA[This is method1 ]]>
    </system-out>
  </testcase> <!-- method1 -->
  <testcase classname="testNGAnnotation_Flags.Flag3" name="method1" time="0.000">
    <system-out>
      <![CDATA[This is method1 ]]>
    </system-out>
  </testcase> <!-- method1 -->
  <testcase classname="testNGAnnotation_Flags.Flag3" name="method1" time="0.001">
    <system-out>
      <![CDATA[This is method1 ]]>
    </system-out>
  </testcase> <!-- method1 -->
  <testcase classname="testNGAnnotation_Flags.Flag3" name="method1" time="0.002">
    <system-out>
      <![CDATA[This is method1 ]]>
    </system-out>
  </testcase> <!-- method1 -->
  <testcase classname="testNGAnnotation_Flags.Flag3" name="method1" time="0.002">
    <system-out>
      <![CDATA[This is method1 ]]>
    </system-out>
  </testcase> <!-- method1 -->
  <testcase classname="testNGAnnotation_Flags.Flag3" name="method1" time="0.000">
    <system-out>
      <![CDATA[This is method1 ]]>
    </system-out>
  </testcase> <!-- method1 -->
  <testcase classname="testNGAnnotation_Flags.Flag3" name="method1" time="0.000">
    <system-out>
      <![CDATA[This is method1 ]]>
    </system-out>
  </testcase> <!-- method1 -->
  <testcase classname="testNGAnnotation_Flags.Flag3" name="method1" time="0.002">
    <system-out>
      <![CDATA[This is method1 ]]>
    </system-out>
  </testcase> <!-- method1 -->
[...]
    </system-out>
  </testcase> <!-- method1 -->
  <testcase classname="testNGAnnotation_Flags.Flag3" name="method1" time="0.000">
    <system-out>
      <![CDATA[This is method1 ]]>
    </system-out>
  </testcase> <!-- method1 -->
  <testcase classname="testNGAnnotation_Flags.Flag3" name="method1" time="0.002">
    <system-out>
      <![CDATA[This is method1 ]]>
    </system-out>
  </testcase> <!-- method1 -->
  <testcase classname="testNGAnnotation_Flags.Flag3" name="method1" time="0.000">
    <system-out>
      <![CDATA[This is method1 ]]>
    </system-out>
  </testcase> <!-- method1 -->
  <testcase classname="testNGAnnotation_Flags.Flag3" name="method1" time="0.004">
    <system-out>
      <![CDATA[This is method1 ]]>
    </system-out>
  </testcase> <!-- method1 -->
  <testcase classname="testNGAnnotation_Flags.Flag3" name="method1" time="0.001">
    <system-out>
      <![CDATA[This is method1 ]]>
    </system-out>
  </testcase> <!-- method1 -->
  <testcase classname="testNGAnnotation_Flags.Flag3" name="method1" time="0.000">
    <system-out>
      <![CDATA[This is method1 ]]>
    </system-out>
  </testcase> <!-- method1 -->
  <testcase classname="testNGAnnotation_Flags.Flag3" name="method1" time="0.002">
    <system-out>
      <![CDATA[This is method1 ]]>
    </system-out>
  </testcase> <!-- method1 -->
  <testcase classname="testNGAnnotation_Flags.Flag3" name="method1" time="0.001">
    <system-out>
      <![CDATA[This is method1 ]]>
    </system-out>
  </testcase> <!-- method1 -->
  <testcase classname="testNGAnnotation_Flags.Flag3" name="method1" time="0.000">
    <system-out>
      <![CDATA[This is method1 ]]>
    </system-out>
  </testcase> <!-- method1 -->
  <testcase classname="testNGAnnotation_Flags.Flag3" name="method1" time="0.009">
    <system-out>
      <![CDATA[This is method1 ]]>
    </system-out>
  </testcase> <!-- method1 -->
  <testcase classname="testNGAnnotation_Flags.Flag3" name="method1" time="0.010">
    <system-out>
      <![CDATA[This is method1 ]]>
    </system-out>
  </testcase> <!-- method1 -->
  <testcase classname="testNGAnnotation_Flags.Flag3" name="method1" time="0.002">
    <system-out>
      <![CDATA[This is method1 ]]>
    </system-out>
  </testcase> <!-- method1 -->
  <testcase classname="testNGAnnotation_Flags.Flag3" name="method1" time="0.011">
    <system-out>
      <![CDATA[This is method1 ]]>
    </system-out>
  </testcase> <!-- method1 -->
  <testcase classname="testNGAnnotation_Flags.Flag3" name="method1" time="0.007">
    <system-out>
      <![CDATA[This is method1 ]]>
    </system-out>
  </testcase> <!-- method1 -->
  <testcase classname="testNGAnnotation_Flags.Flag3" name="method1" time="0.001">
    <system-out>
      <![CDATA[This is method1 ]]>
    </system-out>
  </testcase> <!-- method1 -->
  <system-out>
    <![CDATA[This is method1 
This is method1 
This is method1 
This is method1 
This is method1 
This is method1 
This is method1 
This is method1 
This is method1 
This is method1 
This is method1 
This is method1 
This is method1 
This is method1 
This is method1 
This is method1 
This is method1 
This is method1 
This is method1 
This is method1 
This is method1 
This is method1 
This is method1 
This is method1 
This is method1 
This is method1 
This is method1 
This is method1 
This is method1 
This is method1 
This is method1 
This is method1 
This is method1 
This is method1 
This is method1 
This is method1 
This is method1 
This is method1 
This is method1 
This is method1 
This is method1 
This is method1 
This is method1 
This is method1 
This is method1 
This is method1 
This is method1 
This is method1 
This is method1 
This is method1 
This is method1 
This is method1 
This is method1 
This is method1 
This is method1 
This is method1 
This is method1 
This is method1 
This is method1 
This is method1 
This is method1 
This is method1 
This is method1 
This is method1 
This is method1 
This is method1 
This is method1 
This is method1 
This is method1 
This is method1 
This is method1 
This is method1 
This is method1 
This is method1 
This is method1 
This is method1 
This is method1 
This is method1 
This is method1 
This is method1 
This is method1 
This is method1 
This is method1 
This is method1 
This is method1 
This is method1 
This is method1 
This is method1 
This is method1 
This is method1 
This is method1 
This is method1 
This is method1 
This is method1 
This is method1 
This is method1 
This is method1 
This is method1 
This is method1 
This is method1 
This is method1 
This is method1 
This is method1 
This is method1 
This is method1 
This is method1 
This is method1 
This is method1 
This is method1 
This is method1 
This is method1 
This is method1 
This is method1 
This is method1 
This is method1 
This is method1 
This is method1 
This is method1 
This is method1 
This is method1 
This is method1 
This is method1 
This is method1 
This is method1 
This is method1 
This is method1 
This is method1 
This is method1 
This is method1 
This is method1 
This is method1 
This is method1 
This is method1 
This is method1 
This is method1 
This is method1 
This is method1 
This is method1 
This is method1 
This is method1 
This is method1 
This is method1 
This is method1 
This is method1 
This is method1 
This is method1 
This is method1 
This is method1 
This is method1 
This is method1 
This is method1 
This is method1 
This is method1 
This is method1 
This is method1 
This is method1 
This is method1 
This is method1 
This is method1 
This is method1 
This is method1 
This is method1 
This is method1 
This is method1 
This is method1 
This is method1 
This is method1 
This is method1 
This is method1 
This is method1 
This is method1 
This is method1 
This is method1 
This is method1 
This is method1 
This is method1 
This is method1 
This is method1 
This is method1 
This is method1 
This is method1 
This is method1 
This is method1 
This is method1 
This is method1 
This is method1 
This is method1 
This is method1 
This is method1 
This is method1 
This is method1 
This is method1 
This is method1 
This is method1 
This is method1 
This is method1 
This is method1 
This is method1 
This is method1 
This is method1 
This is method1 
This is method1 
This is method1 
This is method1 
This is method1 
This is method1 
This is method1 
This is method1 
This is method1 
This is method1 
This is method1 
This is method1 
This is method1 
This is method1 
This is method1 
This is method1 
This is method1 
This is method1 
This is method1 
This is method1 
This is method1 
This is method1 
This is method1 
This is method1 
This is method1 
This is method1 
This is method1 
This is method1 
This is method1 
This is method1 
This is method1 
This is method1 
This is method1 
This is method1 
This is method1 
This is method1 
This is method1 
This is method1 
This is method1 
This is method1 
This is method1 
This is method1 
This is method1 
This is method1 
This is method1 
This is method1 
This is method1 
This is method1 
This is method1 
This is method1 
This is method1 
This is method1 
This is method1 
This is method1 
This is method1 
This is method1 
This is method1 
This is method1 
This is method1 
This is method1 
This is method1 
This is method1 
This is method1 
This is method1 
This is method1 
This is method1 
This is method1 
This is method1 
This is method1 
This is method1 
This is method1 
This is method1 
This is method1 
This is method1 
This is method1 
This is method1 
This is method1 
This is method1 
This is method1 
This is method1 
This is method1 
This is method1 
This is method1 
This is method1 
This is method1 
This is method1 
This is method1 
This is method1 
This is method1 
This is method1 
This is method1 
This is method1 
This is method1 
This is method1 
This is method1 
This is method1 
This is method1 
This is method1 
This is method1 
This is method1 
This is method1 
This is method1 
This is method1 
This is method1 
This is method1 
This is method1 
This is method1 
This is method1 
This is method1 
This is method1 
This is method1 
This is method1 
This is method1 
This is method1 
This is method1 
This is method1 
This is method1 
This is method1 
This is method1 
This is method1 
This is method1 
This is method1 
This is method1 
This is method1 
This is method1 
This is method1 
This is method1 
This is method1 
This is method1 
This is method1 
This is method1 
This is method1 
This is method1 
This is method1 
This is method1 
This is method1 
This is method1 
This is method1 
This is method1 
This is method1 
This is method1 
This is method1 
This is method1 
This is method1 
This is method1 
This is method1 
This is method1 
This is method1 
This is method1 
This is method1 
This is method1 
This is method1 
This is method1 
This is method1 
This is method1 
This is method1 
This is method1 
This is method1 
This is method1 
This is method1 
This is method1 
This is method1 
This is method1 
This is method1 
This is method1 
This is method1 
This is method1 
This is method1 
This is method1 
This is method1 
This is method1 
This is method1 
This is method1 
This is method1 
This is method1 
This is method1 
This is method1 
This is method1 
This is method1 
This is method1 
This is method1 
This is method1 
This is method1 
This is method1 
This is method1 
This is method1 
This is method1 
This is method1 
This is method1 
This is method1 
This is method1 
This is method1 
This is method1 
This is method1 
This is method1 
This is method1 
This is method1 
This is method1 
This is method1 
This is method1 
This is method1 
This is method1 
This is method1 
This is method1 
This is method1 
This is method1 
This is method1 
This is method1 
This is method1 
This is method1 
This is method1 
This is method1 
This is method1 
This is method1 
This is method1 
This is method1 
This is method1 
This is method1 
This is method1 
This is method1 
This is method1 
This is method1 
This is method1 
This is method1 
This is method1 
This is method1 
This is method1 
This is method1 
This is method1 
This is method1 
This is method1 
This is method1 
This is method1 
This is method1 
This is method1 
This is method1 
This is method1 
This is method1 
This is method1 
This is method1 
This is method1 
This is method1 
This is method1 
This is method1 
This is method1 
This is method1 
This is method1 
This is method1 
This is method1 
This is method1 
This is method1 
This is method1 
This is method1 
This is method1 
This is method1 
This is method1 
This is method1 
This is method1 
This is method1 
This is method1 
This is method1 
This is method1 
This is method1 
This is method1 
This is method1 
This is method1 
This is method1 
This is method1 
This is method1 
This is method1 
This is method1 
This is method1 
This is method1 
This is method1 
This is method1 
This is method1 
This is method1 
This is method1 
This is method1 
This is method1 
This is method1 
This is method1 
This is method1 
This is method1 
This is method1 
This is method1 
This is method1 
This is method1 
This is method1 
This is method1 
This is method1 
This is method1 
This is method1 
This is method1 
This is method1 
This is method1 
This is method1 
This is method1 
This is method1 
This is method1 
This is method1 
This is method1 
This is method1 
This is method1 
This is method1 
This is method1 
This is method1 
This is method1 
This is method1 
This is method1 
This is method1 
This is method1 
This is method1 
This is method1 
This is method1 
This is method1 
This is method1 
This is method1 
This is method1 
This is method1 
This is method1 
This is method1 
This is method1 
This is method1 
This is method1 
This is method1 
This is method1 
This is method1 
This is method1 
This is method1 
This is method1 
This is method1 
This is method1 
This is method1 
This is method1 
This is method1 
This is method1 
This is method1 
This is method1 
This is method1 
This is method1 
This is method1 
This is method1 
This is method1 
This is method1 
This is method1 
This is method1 
This is method1 
This is method1 
This is method1 
This is method1 
This is method1 
This is method1 
This is method1 
This is method1 
This is method1 
This is method1 
This is method1 
This is method1 
This is method1 
This is method1 
This is method1 
This is method1 
This is method1 
This is method1 
This is method1 
This is method1 
This is method1 
This is method1 
This is method1 
This is method1 
This is method1 
This is method1 
This is method1 
This is method1 
This is method1 
This is method1 
This is method1 
This is method1 
This is method1 
This is method1 
This is method1 
This is method1 
This is method1 
This is method1 
This is method1 
This is method1 
This is method1 
This is method1 
This is method1 
This is method1 
This is method1 
This is method1 
This is method1 
This is method1 
This is method1 
This is method1 
This is method1 
This is method1 
This is method1 
This is method1 
This is method1 
This is method1 
This is method1 
This is method1 
This is method1 
This is method1 
This is method1 
This is method1 
This is method1 
This is method1 
This is method1 
This is method1 
This is method1 
This is method1 
This is method1 
This is method1 
This is method1 
This is method1 
This is method1 
This is method1 
This is method1 
This is method1 
This is method1 
This is method1 
This is method1 
This is method1 
This is method1 
This is method1 
This is method1 
This is method1 
This is method1 
This is method1 
This is method1 
This is method1 
This is method1 
This is method1 
This is method1 
This is method1 
This is method1 
This is method1 
This is method1 
This is method1 
This is method1 
This is method1 
This is method1 
This is method1 
This is method1 
This is method1 
This is method1 
This is method1 
This is method1 
This is method1 
This is method1 
This is method1 
This is method1 
This is method1 
This is method1 
This is method1 
This is method1 
This is method1 
This is method1 
This is method1 
This is method1 
This is method1 
This is method1 
This is method1 
This is method1 
This is method1 
This is method1 
This is method1 
This is method1 
This is method1 
This is method1 
This is method1 
This is method1 
This is method1 
This is method1 
This is method1 
This is method1 
This is method1 
This is method1 
This is method1 
This is method1 
This is method1 
This is method1 
This is method1 
This is method1 
This is method1 
This is method1 
This is method1 
This is method1 
This is method1 
This is method1 
This is method1 
This is method1 
This is method1 
This is method1 
This is method1 
This is method1 
This is method1 
This is method1 
This is method1 
This is method1 
This is method1 
This is method1 
This is method1 
This is method1 
This is method1 
This is method1 
This is method1 
This is method1 
This is method1 
This is method1 
This is method1 
This is method1 
This is method1 
This is method1 
This is method1 
This is method1 
This is method1 
This is method1 
This is method1 
This is method1 
This is method1 
This is method1 
This is method1 
This is method1 
This is method1 
This is method1 
This is method1 
This is method1 
This is method1 
This is method1 
This is method1 
This is method1 
This is method1 
This is method1 
This is method1 
This is method1 
This is method1 
This is method1 
This is method1 
This is method1 
This is method1 
This is method1 
This is method1 
This is method1 
This is method1 
This is method1 
This is method1 
This is method1 
This is method1 
This is method1 
This is method1 
This is method1 
This is method1 
This is method1 
This is method1 
This is method1 
This is method1 
This is method1 
This is method1 
This is method1 
This is method1 
This is method1 
This is method1 
This is method1 
This is method1 
This is method1 
This is method1 
This is method1 
This is method1 
This is method1 
This is method1 
This is method1 
This is method1 
This is method1 
This is method1 
This is method1 
This is method1 
This is method1 
This is method1 
This is method1 
This is method1 
This is method1 
This is method1 
This is method1 
This is method1 
This is method1 
This is method1 
This is method1 
This is method1 
This is method1 
This is method1 
This is method1 
This is method1 
This is method1 
This is method1 
This is method1 
This is method1 
This is method1 
This is method1 
This is method1 
This is method1 
This is method1 
This is method1 
This is method1 
This is method1 
This is method1 
This is method1 
This is method1 
This is method1 
This is method1 
This is method1 
This is method1 
This is method1 
This is method1 
This is method1 
This is method1 
This is method1 
This is method1 
This is method1 
This is method1 
This is method1 
This is method1 
This is method1 
This is method1 
This is method1 
This is method1 
This is method1 
This is method1 
This is method1 
This is method1 
This is method1 
This is method1 
This is method1 
This is method1 
This is method1 
This is method1 
This is method1 
This is method1 
This is method1 
This is method1 
This is method1 
This is method1 
This is method1 
This is method1 
This is method1 
This is method1 
This is method1 
This is method1 
This is method1 
This is method1 
This is method1 
This is method1 
This is method1 
This is method1 
This is method1 
This is method1 
This is method1 
This is method1 
This is method1 
This is method1 
This is method1 
This is method1 
This is method1 
This is method1 
This is method1 
This is method1 
This is method1 
This is method1 
This is method1 
This is method1 
This is method1 
This is method1 
This is method1 
This is method1 
This is method1 
This is method1 
This is method1 
This is method1 
This is method1 
This is method1 
This is method1 
This is method1 
This is method1 
This is method1 
This is method1 
This is method1 
This is method1 
This is method1 
This is method1 
This is method1 
This is method1 
This is method1 
This is method1 
This is method1 
This is method1 
This is method1 
This is method1 
This is method1 
This is method1 
This is method1 
This is method1 
This is method1 
This is method1 
This is method1 
This is method1 
This is method1 
This is method1 
This is method1 
This is method1 
This is method1 
This is method1 
This is method1 
This is method1 
This is method1 
This is method1 
This is method1 
This is method1 
This is method1 
This is method1 
This is method1 
This is method1 
This is method1 
This is method1 
This is method1 
This is method1 
This is method1 
This is method1 
This is method1 
This is method1 
This is method1 
This is method1 
This is method1 
This is method1 
This is method1 
This is method1 
This is method1 
This is method1 
This is method1 
This is method1 
This is method1 
This is method1 
This is method1 
This is method1 
This is method1 
This is method1 
This is method1 
This is method1 
This is method1 
This is method1 
This is method1 
This is method1 
This is method1 
This is method1 
This is method1 
This is method1 
This is method1 
This is method1 
This is method1 
This is method1 
This is method1 
This is method1 
This is method1 
This is method1 
This is method1 
This is method1 
This is method1 
This is method1 
This is method1 
This is method1 
This is method1 
This is method1 
This is method1 
This is method1 
This is method1 
This is method1 
This is method1 
This is method1 
This is method1 
This is method1 
This is method1 
This is method1 
This is method1 
This is method1 
This is method1 
This is method1 
This is method1 
This is method1 
This is method1 
This is method1 
This is method1 
This is method1 
This is method1 
This is method1 
This is method1 
This is method1 
This is method1 ]]>
  </system-out>
</testsuite> <!-- testNGAnnotation_Flags.Flag3 -->
