<?xml version="1.0" encoding="UTF-8"?>
<!-- Generated by org.testng.reporters.JUnitXMLReporter -->
<testsuite ignored="0" hostname="HP" failures="0" tests="5" name="Default test" time="65.401" errors="0" timestamp="2023-07-26T15:08:03 IST">
  <testcase classname="testNGAnnotation_Flags.ActitimeDatarovider2" name="invalidLoginMethod" time="19.564"/>
  <testcase classname="testNGAnnotation_Flags.ActitimeDatarovider2" name="invalidLoginMethod" time="12.514"/>
  <testcase classname="testNGAnnotation_Flags.ActitimeDatarovider2" name="invalidLoginMethod" time="14.901"/>
  <testcase classname="testNGAnnotation_Flags.ActitimeDatarovider2" name="invalidLoginMethod" time="8.671"/>
  <testcase classname="testNGAnnotation_Flags.ActitimeDatarovider2" name="invalidLoginMethod" time="9.503"/>
</testsuite> <!-- Default test -->
