<?xml version="1.0" encoding="UTF-8"?>
<testng-results ignored="0" total="1" passed="1" failed="0" skipped="0">
  <reporter-output>
  </reporter-output>
  <suite started-at="2023-07-29T11:23:04 IST" name="Default suite" finished-at="2023-07-29T11:23:45 IST" duration-ms="40768">
    <groups>
    </groups>
    <test started-at="2023-07-29T11:23:04 IST" name="Default test" finished-at="2023-07-29T11:23:45 IST" duration-ms="40768">
      <class name="testNGAnnotation_Flags.OrangeHRMDataprovider">
        <test-method signature="orangehrmlogin(java.lang.String,java.lang.String)[pri:0, instance:testNGAnnotation_Flags.OrangeHRMDataprovider@7c7b252e]" started-at="2023-07-29T11:23:04 IST" name="orangehrmlogin" data-provider="testData" finished-at="2023-07-29T11:23:45 IST" duration-ms="40610" status="PASS">
          <params>
            <param index="0">
              <value>
                <![CDATA[Admin]]>
              </value>
            </param>
            <param index="1">
              <value>
                <![CDATA[admin123]]>
              </value>
            </param>
          </params>
          <reporter-output>
          </reporter-output>
        </test-method> <!-- orangehrmlogin -->
      </class> <!-- testNGAnnotation_Flags.OrangeHRMDataprovider -->
    </test> <!-- Default test -->
  </suite> <!-- Default suite -->
</testng-results>
