<?xml version="1.0" encoding="UTF-8"?>
<testng-results ignored="0" total="5" passed="5" failed="0" skipped="0">
  <reporter-output>
  </reporter-output>
  <suite started-at="2023-07-26T15:06:57 IST" name="Default suite" finished-at="2023-07-26T15:08:03 IST" duration-ms="65401">
    <groups>
    </groups>
    <test started-at="2023-07-26T15:06:57 IST" name="Default test" finished-at="2023-07-26T15:08:03 IST" duration-ms="65401">
      <class name="testNGAnnotation_Flags.ActitimeDatarovider2">
        <test-method signature="invalidLoginMethod(java.lang.String,java.lang.String)[pri:0, instance:testNGAnnotation_Flags.ActitimeDatarovider2@3590fc5b]" started-at="2023-07-26T15:06:58 IST" name="invalidLoginMethod" data-provider="actitimeData" finished-at="2023-07-26T15:07:17 IST" duration-ms="19564" status="PASS">
          <params>
            <param index="0">
              <value>
                <![CDATA[ad-min]]>
              </value>
            </param>
            <param index="1">
              <value>
                <![CDATA[manager]]>
              </value>
            </param>
          </params>
          <reporter-output>
          </reporter-output>
        </test-method> <!-- invalidLoginMethod -->
        <test-method signature="invalidLoginMethod(java.lang.String,java.lang.String)[pri:0, instance:testNGAnnotation_Flags.ActitimeDatarovider2@3590fc5b]" started-at="2023-07-26T15:07:17 IST" name="invalidLoginMethod" data-provider="actitimeData" finished-at="2023-07-26T15:07:30 IST" duration-ms="12514" status="PASS">
          <params>
            <param index="0">
              <value>
                <![CDATA[manager]]>
              </value>
            </param>
            <param index="1">
              <value>
                <![CDATA[admin]]>
              </value>
            </param>
          </params>
          <reporter-output>
          </reporter-output>
        </test-method> <!-- invalidLoginMethod -->
        <test-method signature="invalidLoginMethod(java.lang.String,java.lang.String)[pri:0, instance:testNGAnnotation_Flags.ActitimeDatarovider2@3590fc5b]" started-at="2023-07-26T15:07:30 IST" name="invalidLoginMethod" data-provider="actitimeData" finished-at="2023-07-26T15:07:44 IST" duration-ms="14901" status="PASS">
          <params>
            <param index="0">
              <value>
                <![CDATA[@admin]]>
              </value>
            </param>
            <param index="1">
              <value>
                <![CDATA[@manager]]>
              </value>
            </param>
          </params>
          <reporter-output>
          </reporter-output>
        </test-method> <!-- invalidLoginMethod -->
        <test-method signature="invalidLoginMethod(java.lang.String,java.lang.String)[pri:0, instance:testNGAnnotation_Flags.ActitimeDatarovider2@3590fc5b]" started-at="2023-07-26T15:07:45 IST" name="invalidLoginMethod" data-provider="actitimeData" finished-at="2023-07-26T15:07:53 IST" duration-ms="8671" status="PASS">
          <params>
            <param index="0">
              <value>
                <![CDATA[admin123]]>
              </value>
            </param>
            <param index="1">
              <value>
                <![CDATA[manager123]]>
              </value>
            </param>
          </params>
          <reporter-output>
          </reporter-output>
        </test-method> <!-- invalidLoginMethod -->
        <test-method signature="invalidLoginMethod(java.lang.String,java.lang.String)[pri:0, instance:testNGAnnotation_Flags.ActitimeDatarovider2@3590fc5b]" started-at="2023-07-26T15:07:53 IST" name="invalidLoginMethod" data-provider="actitimeData" finished-at="2023-07-26T15:08:03 IST" duration-ms="9503" status="PASS">
          <params>
            <param index="0">
              <value>
                <![CDATA[123admin]]>
              </value>
            </param>
            <param index="1">
              <value>
                <![CDATA[123manager]]>
              </value>
            </param>
          </params>
          <reporter-output>
          </reporter-output>
        </test-method> <!-- invalidLoginMethod -->
      </class> <!-- testNGAnnotation_Flags.ActitimeDatarovider2 -->
    </test> <!-- Default test -->
  </suite> <!-- Default suite -->
</testng-results>
